#
# There is insufficient memory for the Java Runtime Environment to continue.
# Native memory allocation (mmap) failed to map 65536 bytes for Failed to commit metaspace.
# Possible reasons:
#   The system is out of physical RAM or swap space
#   The process is running with CompressedOops enabled, and the Java Heap may be blocking the growth of the native heap
# Possible solutions:
#   Reduce memory load on the system
#   Increase physical memory or swap space
#   Check if swap backing store is full
#   Decrease Java heap size (-Xmx/-Xms)
#   Decrease number of Java threads
#   Decrease Java thread stack sizes (-Xss)
#   Set larger code cache with -XX:ReservedCodeCacheSize=
#   JVM is running with Zero Based Compressed Oops mode in which the Java heap is
#     placed in the first 32GB address space. The Java Heap base address is the
#     maximum limit for the native heap growth. Please use -XX:HeapBaseMinAddress
#     to set the Java Heap base and to place the Java Heap above 32GB virtual address.
# This output file may be truncated or incomplete.
#
#  Out of Memory Error (virtualSpaceNode.cpp:110), pid=13788, tid=12760
#
# JRE version: Java(TM) SE Runtime Environment (17.0.8+9) (build 17.0.8+9-LTS-211)
# Java VM: Java HotSpot(TM) 64-Bit Server VM (17.0.8+9-LTS-211, mixed mode, emulated-client, tiered, compressed oops, compressed class ptrs, g1 gc, windows-amd64)
# No core dump will be written. Minidumps are not enabled by default on client versions of Windows
#

---------------  S U M M A R Y ------------

Command Line: -XX:TieredStopAtLevel=1 -Dspring.output.ansi.enabled=always -Dcom.sun.management.jmxremote -Dspring.jmx.enabled=true -Dspring.liveBeansView.mbeanDomain -Dspring.application.admin.enabled=true -Dmanagement.endpoints.jmx.exposure.include=* -javaagent:C:\Program Files\JetBrains\IntelliJ IDEA 2023.2.2\lib\idea_rt.jar=51344:C:\Program Files\JetBrains\IntelliJ IDEA 2023.2.2\bin -Dfile.encoding=UTF-8 com.example.pi_dev_4eme__poker_planning.PiDev4emePokerPlanningApplication

Host: Intel(R) Core(TM) i5-10300H CPU @ 2.50GHz, 8 cores, 23G,  Windows 11 , 64 bit Build 22621 (10.0.22621.3085)
Time: Wed Feb 21 01:17:54 2024 Afr. centrale Ouest elapsed time: 0.550438 seconds (0d 0h 0m 0s)

---------------  T H R E A D  ---------------

Current thread (0x000001ec5d4e09f0):  JavaThread "main" [_thread_in_vm, id=12760, stack(0x000000902b700000,0x000000902b800000)]

Stack: [0x000000902b700000,0x000000902b800000]
Native frames: (J=compiled Java code, j=interpreted, Vv=VM code, C=native code)
V  [jvm.dll+0x677d0a]
V  [jvm.dll+0x7d8c54]
V  [jvm.dll+0x7da3fe]
V  [jvm.dll+0x7daa63]
V  [jvm.dll+0x245c5f]
V  [jvm.dll+0x7d4d5b]
V  [jvm.dll+0x61dcf6]
V  [jvm.dll+0x61dd5a]
V  [jvm.dll+0x62057d]
V  [jvm.dll+0x61e6b6]
V  [jvm.dll+0x23b737]
V  [jvm.dll+0x1e5a21]
V  [jvm.dll+0x1ea680]
V  [jvm.dll+0x1e02f1]
V  [jvm.dll+0x53ddbc]
V  [jvm.dll+0x1f0c0a]
V  [jvm.dll+0x752b7d]
V  [jvm.dll+0x753f76]
V  [jvm.dll+0x7542a8]
V  [jvm.dll+0x23e01b]
V  [jvm.dll+0x37d84e]
C  0x000001ec66559aed

Java frames: (J=compiled Java code, j=interpreted, Vv=VM code)
j  jdk.internal.module.ServicesCatalog.addProviders(Ljava/lang/String;[Ljdk/internal/module/ServicesCatalog$ServiceProvider;)V+18 java.base@17.0.8
j  jdk.internal.module.ServicesCatalog.register(Ljava/lang/Module;)V+111 java.base@17.0.8
j  java.lang.Module.defineModules(Ljava/lang/module/Configuration;Ljava/util/function/Function;Ljava/lang/ModuleLayer;)Ljava/util/Map;+746 java.base@17.0.8
j  java.lang.ModuleLayer.<init>(Ljava/lang/module/Configuration;Ljava/util/List;Ljava/util/function/Function;)V+34 java.base@17.0.8
j  java.lang.ModuleLayer.defineModules(Ljava/lang/module/Configuration;Ljava/util/List;Ljava/util/function/Function;)Ljava/lang/ModuleLayer$Controller;+36 java.base@17.0.8
j  java.lang.ModuleLayer.defineModules(Ljava/lang/module/Configuration;Ljava/util/function/Function;)Ljava/lang/ModuleLayer;+6 java.base@17.0.8
j  jdk.internal.module.ModuleBootstrap.boot2()Ljava/lang/ModuleLayer;+1207 java.base@17.0.8
j  jdk.internal.module.ModuleBootstrap.boot()Ljava/lang/ModuleLayer;+64 java.base@17.0.8
j  java.lang.System.initPhase2(ZZ)I+0 java.base@17.0.8
v  ~StubRoutines::call_stub

---------------  P R O C E S S  ---------------

Threads class SMR info:
_java_thread_list=0x000001ec00238320, length=12, elements={
0x000001ec5d4e09f0, 0x000001ec000a8260, 0x000001ec0005b110, 0x000001ec00077df0,
0x000001ec000786b0, 0x000001ec0007cf80, 0x000001ec000c2000, 0x000001ec000d1af0,
0x000001ec000d2800, 0x000001ec000013a0, 0x000001ec00261040, 0x000001ec00261600
}

Java Threads: ( => current thread )
=>0x000001ec5d4e09f0 JavaThread "main" [_thread_in_vm, id=12760, stack(0x000000902b700000,0x000000902b800000)]
  0x000001ec000a8260 JavaThread "Reference Handler" daemon [_thread_blocked, id=19620, stack(0x000000902be00000,0x000000902bf00000)]
  0x000001ec0005b110 JavaThread "Finalizer" daemon [_thread_blocked, id=15148, stack(0x000000902bf00000,0x000000902c000000)]
  0x000001ec00077df0 JavaThread "Signal Dispatcher" daemon [_thread_blocked, id=21764, stack(0x000000902c000000,0x000000902c100000)]
  0x000001ec000786b0 JavaThread "Attach Listener" daemon [_thread_blocked, id=12848, stack(0x000000902c100000,0x000000902c200000)]
  0x000001ec0007cf80 JavaThread "Service Thread" daemon [_thread_blocked, id=8372, stack(0x000000902c200000,0x000000902c300000)]
  0x000001ec000c2000 JavaThread "Monitor Deflation Thread" daemon [_thread_blocked, id=15380, stack(0x000000902c300000,0x000000902c400000)]
  0x000001ec000d1af0 JavaThread "C1 CompilerThread0" daemon [_thread_blocked, id=17656, stack(0x000000902c400000,0x000000902c500000)]
  0x000001ec000d2800 JavaThread "Sweeper thread" daemon [_thread_blocked, id=16256, stack(0x000000902c500000,0x000000902c600000)]
  0x000001ec000013a0 JavaThread "Common-Cleaner" daemon [_thread_blocked, id=23136, stack(0x000000902c600000,0x000000902c700000)]
  0x000001ec00261040 JavaThread "C1 CompilerThread1" daemon [_thread_blocked, id=14832, stack(0x000000902c700000,0x000000902c800000)]
  0x000001ec00261600 JavaThread "C1 CompilerThread2" daemon [_thread_blocked, id=11524, stack(0x000000902c800000,0x000000902c900000)]

Other Threads:
  0x000001ec00094740 VMThread "VM Thread" [stack: 0x000000902bd00000,0x000000902be00000] [id=22600]
  0x000001ec5d56a2b0 GCTaskThread "GC Thread#0" [stack: 0x000000902b800000,0x000000902b900000] [id=19840]
  0x000001ec5d576fb0 ConcurrentGCThread "G1 Main Marker" [stack: 0x000000902b900000,0x000000902ba00000] [id=13408]
  0x000001ec5d579070 ConcurrentGCThread "G1 Conc#0" [stack: 0x000000902ba00000,0x000000902bb00000] [id=18052]
  0x000001ec5d59ec60 ConcurrentGCThread "G1 Refine#0" [stack: 0x000000902bb00000,0x000000902bc00000] [id=10368]
  0x000001ec7a971f50 ConcurrentGCThread "G1 Service" [stack: 0x000000902bc00000,0x000000902bd00000] [id=10108]

Threads with active compile tasks:

VM state: not at safepoint (normal execution)

VM Mutex/Monitor currently owned by a thread:  ([mutex/lock_event])
[0x000001ec5d4da880] Metaspace_lock - owner thread: 0x000001ec5d4e09f0

Heap address: 0x0000000682800000, size: 6104 MB, Compressed Oops mode: Zero based, Oop shift amount: 3

CDS archive(s) not mapped
Compressed class space mapped at: 0x0000000800000000-0x0000000840000000, reserved size: 1073741824
Narrow klass base: 0x0000000800000000, Narrow klass shift: 0, Narrow klass range: 0x40000000

GC Precious Log:
 CPUs: 8 total, 8 available
 Memory: 24413M
 Large Page Support: Disabled
 NUMA Support: Disabled
 Compressed Oops: Enabled (Zero based)
 Heap Region Size: 4M
 Heap Min Capacity: 8M
 Heap Initial Capacity: 384M
 Heap Max Capacity: 6104M
 Pre-touch: Disabled
 Parallel Workers: 8
 Concurrent Workers: 2
 Concurrent Refinement Workers: 8
 Periodic GC: Disabled

Heap:
 garbage-first heap   total 393216K, used 0K [0x0000000682800000, 0x0000000800000000)
  region size 4096K, 1 young (4096K), 0 survivors (0K)
 Metaspace       used 4809K, committed 4992K, reserved 1114112K
  class space    used 392K, committed 512K, reserved 1048576K

Heap Regions: E=young(eden), S=young(survivor), O=old, HS=humongous(starts), HC=humongous(continues), CS=collection set, F=free, OA=open archive, CA=closed archive, TAMS=top-at-mark-start (previous, next)
|   0|0x0000000682800000, 0x0000000682800000, 0x0000000682c00000|  0%| F|  |TAMS 0x0000000682800000, 0x0000000682800000| Untracked 
|   1|0x0000000682c00000, 0x0000000682c00000, 0x0000000683000000|  0%| F|  |TAMS 0x0000000682c00000, 0x0000000682c00000| Untracked 
|   2|0x0000000683000000, 0x0000000683000000, 0x0000000683400000|  0%| F|  |TAMS 0x0000000683000000, 0x0000000683000000| Untracked 
|   3|0x0000000683400000, 0x0000000683400000, 0x0000000683800000|  0%| F|  |TAMS 0x0000000683400000, 0x0000000683400000| Untracked 
|   4|0x0000000683800000, 0x0000000683800000, 0x0000000683c00000|  0%| F|  |TAMS 0x0000000683800000, 0x0000000683800000| Untracked 
|   5|0x0000000683c00000, 0x0000000683c00000, 0x0000000684000000|  0%| F|  |TAMS 0x0000000683c00000, 0x0000000683c00000| Untracked 
|   6|0x0000000684000000, 0x0000000684000000, 0x0000000684400000|  0%| F|  |TAMS 0x0000000684000000, 0x0000000684000000| Untracked 
|   7|0x0000000684400000, 0x0000000684400000, 0x0000000684800000|  0%| F|  |TAMS 0x0000000684400000, 0x0000000684400000| Untracked 
|   8|0x0000000684800000, 0x0000000684800000, 0x0000000684c00000|  0%| F|  |TAMS 0x0000000684800000, 0x0000000684800000| Untracked 
|   9|0x0000000684c00000, 0x0000000684c00000, 0x0000000685000000|  0%| F|  |TAMS 0x0000000684c00000, 0x0000000684c00000| Untracked 
|  10|0x0000000685000000, 0x0000000685000000, 0x0000000685400000|  0%| F|  |TAMS 0x0000000685000000, 0x0000000685000000| Untracked 
|  11|0x0000000685400000, 0x0000000685400000, 0x0000000685800000|  0%| F|  |TAMS 0x0000000685400000, 0x0000000685400000| Untracked 
|  12|0x0000000685800000, 0x0000000685800000, 0x0000000685c00000|  0%| F|  |TAMS 0x0000000685800000, 0x0000000685800000| Untracked 
|  13|0x0000000685c00000, 0x0000000685c00000, 0x0000000686000000|  0%| F|  |TAMS 0x0000000685c00000, 0x0000000685c00000| Untracked 
|  14|0x0000000686000000, 0x0000000686000000, 0x0000000686400000|  0%| F|  |TAMS 0x0000000686000000, 0x0000000686000000| Untracked 
|  15|0x0000000686400000, 0x0000000686400000, 0x0000000686800000|  0%| F|  |TAMS 0x0000000686400000, 0x0000000686400000| Untracked 
|  16|0x0000000686800000, 0x0000000686800000, 0x0000000686c00000|  0%| F|  |TAMS 0x0000000686800000, 0x0000000686800000| Untracked 
|  17|0x0000000686c00000, 0x0000000686c00000, 0x0000000687000000|  0%| F|  |TAMS 0x0000000686c00000, 0x0000000686c00000| Untracked 
|  18|0x0000000687000000, 0x0000000687000000, 0x0000000687400000|  0%| F|  |TAMS 0x0000000687000000, 0x0000000687000000| Untracked 
|  19|0x0000000687400000, 0x0000000687400000, 0x0000000687800000|  0%| F|  |TAMS 0x0000000687400000, 0x0000000687400000| Untracked 
|  20|0x0000000687800000, 0x0000000687800000, 0x0000000687c00000|  0%| F|  |TAMS 0x0000000687800000, 0x0000000687800000| Untracked 
|  21|0x0000000687c00000, 0x0000000687c00000, 0x0000000688000000|  0%| F|  |TAMS 0x0000000687c00000, 0x0000000687c00000| Untracked 
|  22|0x0000000688000000, 0x0000000688000000, 0x0000000688400000|  0%| F|  |TAMS 0x0000000688000000, 0x0000000688000000| Untracked 
|  23|0x0000000688400000, 0x0000000688400000, 0x0000000688800000|  0%| F|  |TAMS 0x0000000688400000, 0x0000000688400000| Untracked 
|  24|0x0000000688800000, 0x0000000688800000, 0x0000000688c00000|  0%| F|  |TAMS 0x0000000688800000, 0x0000000688800000| Untracked 
|  25|0x0000000688c00000, 0x0000000688c00000, 0x0000000689000000|  0%| F|  |TAMS 0x0000000688c00000, 0x0000000688c00000| Untracked 
|  26|0x0000000689000000, 0x0000000689000000, 0x0000000689400000|  0%| F|  |TAMS 0x0000000689000000, 0x0000000689000000| Untracked 
|  27|0x0000000689400000, 0x0000000689400000, 0x0000000689800000|  0%| F|  |TAMS 0x0000000689400000, 0x0000000689400000| Untracked 
|  28|0x0000000689800000, 0x0000000689800000, 0x0000000689c00000|  0%| F|  |TAMS 0x0000000689800000, 0x0000000689800000| Untracked 
|  29|0x0000000689c00000, 0x0000000689c00000, 0x000000068a000000|  0%| F|  |TAMS 0x0000000689c00000, 0x0000000689c00000| Untracked 
|  30|0x000000068a000000, 0x000000068a000000, 0x000000068a400000|  0%| F|  |TAMS 0x000000068a000000, 0x000000068a000000| Untracked 
|  31|0x000000068a400000, 0x000000068a400000, 0x000000068a800000|  0%| F|  |TAMS 0x000000068a400000, 0x000000068a400000| Untracked 
|  32|0x000000068a800000, 0x000000068a800000, 0x000000068ac00000|  0%| F|  |TAMS 0x000000068a800000, 0x000000068a800000| Untracked 
|  33|0x000000068ac00000, 0x000000068ac00000, 0x000000068b000000|  0%| F|  |TAMS 0x000000068ac00000, 0x000000068ac00000| Untracked 
|  34|0x000000068b000000, 0x000000068b000000, 0x000000068b400000|  0%| F|  |TAMS 0x000000068b000000, 0x000000068b000000| Untracked 
|  35|0x000000068b400000, 0x000000068b400000, 0x000000068b800000|  0%| F|  |TAMS 0x000000068b400000, 0x000000068b400000| Untracked 
|  36|0x000000068b800000, 0x000000068b800000, 0x000000068bc00000|  0%| F|  |TAMS 0x000000068b800000, 0x000000068b800000| Untracked 
|  37|0x000000068bc00000, 0x000000068bc00000, 0x000000068c000000|  0%| F|  |TAMS 0x000000068bc00000, 0x000000068bc00000| Untracked 
|  38|0x000000068c000000, 0x000000068c000000, 0x000000068c400000|  0%| F|  |TAMS 0x000000068c000000, 0x000000068c000000| Untracked 
|  39|0x000000068c400000, 0x000000068c400000, 0x000000068c800000|  0%| F|  |TAMS 0x000000068c400000, 0x000000068c400000| Untracked 
|  40|0x000000068c800000, 0x000000068c800000, 0x000000068cc00000|  0%| F|  |TAMS 0x000000068c800000, 0x000000068c800000| Untracked 
|  41|0x000000068cc00000, 0x000000068cc00000, 0x000000068d000000|  0%| F|  |TAMS 0x000000068cc00000, 0x000000068cc00000| Untracked 
|  42|0x000000068d000000, 0x000000068d000000, 0x000000068d400000|  0%| F|  |TAMS 0x000000068d000000, 0x000000068d000000| Untracked 
|  43|0x000000068d400000, 0x000000068d400000, 0x000000068d800000|  0%| F|  |TAMS 0x000000068d400000, 0x000000068d400000| Untracked 
|  44|0x000000068d800000, 0x000000068d800000, 0x000000068dc00000|  0%| F|  |TAMS 0x000000068d800000, 0x000000068d800000| Untracked 
|  45|0x000000068dc00000, 0x000000068dc00000, 0x000000068e000000|  0%| F|  |TAMS 0x000000068dc00000, 0x000000068dc00000| Untracked 
|  46|0x000000068e000000, 0x000000068e000000, 0x000000068e400000|  0%| F|  |TAMS 0x000000068e000000, 0x000000068e000000| Untracked 
|  47|0x000000068e400000, 0x000000068e400000, 0x000000068e800000|  0%| F|  |TAMS 0x000000068e400000, 0x000000068e400000| Untracked 
|  48|0x000000068e800000, 0x000000068e800000, 0x000000068ec00000|  0%| F|  |TAMS 0x000000068e800000, 0x000000068e800000| Untracked 
|  49|0x000000068ec00000, 0x000000068ec00000, 0x000000068f000000|  0%| F|  |TAMS 0x000000068ec00000, 0x000000068ec00000| Untracked 
|  50|0x000000068f000000, 0x000000068f000000, 0x000000068f400000|  0%| F|  |TAMS 0x000000068f000000, 0x000000068f000000| Untracked 
|  51|0x000000068f400000, 0x000000068f400000, 0x000000068f800000|  0%| F|  |TAMS 0x000000068f400000, 0x000000068f400000| Untracked 
|  52|0x000000068f800000, 0x000000068f800000, 0x000000068fc00000|  0%| F|  |TAMS 0x000000068f800000, 0x000000068f800000| Untracked 
|  53|0x000000068fc00000, 0x000000068fc00000, 0x0000000690000000|  0%| F|  |TAMS 0x000000068fc00000, 0x000000068fc00000| Untracked 
|  54|0x0000000690000000, 0x0000000690000000, 0x0000000690400000|  0%| F|  |TAMS 0x0000000690000000, 0x0000000690000000| Untracked 
|  55|0x0000000690400000, 0x0000000690400000, 0x0000000690800000|  0%| F|  |TAMS 0x0000000690400000, 0x0000000690400000| Untracked 
|  56|0x0000000690800000, 0x0000000690800000, 0x0000000690c00000|  0%| F|  |TAMS 0x0000000690800000, 0x0000000690800000| Untracked 
|  57|0x0000000690c00000, 0x0000000690c00000, 0x0000000691000000|  0%| F|  |TAMS 0x0000000690c00000, 0x0000000690c00000| Untracked 
|  58|0x0000000691000000, 0x0000000691000000, 0x0000000691400000|  0%| F|  |TAMS 0x0000000691000000, 0x0000000691000000| Untracked 
|  59|0x0000000691400000, 0x0000000691400000, 0x0000000691800000|  0%| F|  |TAMS 0x0000000691400000, 0x0000000691400000| Untracked 
|  60|0x0000000691800000, 0x0000000691800000, 0x0000000691c00000|  0%| F|  |TAMS 0x0000000691800000, 0x0000000691800000| Untracked 
|  61|0x0000000691c00000, 0x0000000691c00000, 0x0000000692000000|  0%| F|  |TAMS 0x0000000691c00000, 0x0000000691c00000| Untracked 
|  62|0x0000000692000000, 0x0000000692000000, 0x0000000692400000|  0%| F|  |TAMS 0x0000000692000000, 0x0000000692000000| Untracked 
|  63|0x0000000692400000, 0x0000000692400000, 0x0000000692800000|  0%| F|  |TAMS 0x0000000692400000, 0x0000000692400000| Untracked 
|  64|0x0000000692800000, 0x0000000692800000, 0x0000000692c00000|  0%| F|  |TAMS 0x0000000692800000, 0x0000000692800000| Untracked 
|  65|0x0000000692c00000, 0x0000000692c00000, 0x0000000693000000|  0%| F|  |TAMS 0x0000000692c00000, 0x0000000692c00000| Untracked 
|  66|0x0000000693000000, 0x0000000693000000, 0x0000000693400000|  0%| F|  |TAMS 0x0000000693000000, 0x0000000693000000| Untracked 
|  67|0x0000000693400000, 0x0000000693400000, 0x0000000693800000|  0%| F|  |TAMS 0x0000000693400000, 0x0000000693400000| Untracked 
|  68|0x0000000693800000, 0x0000000693800000, 0x0000000693c00000|  0%| F|  |TAMS 0x0000000693800000, 0x0000000693800000| Untracked 
|  69|0x0000000693c00000, 0x0000000693c00000, 0x0000000694000000|  0%| F|  |TAMS 0x0000000693c00000, 0x0000000693c00000| Untracked 
|  70|0x0000000694000000, 0x0000000694000000, 0x0000000694400000|  0%| F|  |TAMS 0x0000000694000000, 0x0000000694000000| Untracked 
|  71|0x0000000694400000, 0x0000000694400000, 0x0000000694800000|  0%| F|  |TAMS 0x0000000694400000, 0x0000000694400000| Untracked 
|  72|0x0000000694800000, 0x0000000694800000, 0x0000000694c00000|  0%| F|  |TAMS 0x0000000694800000, 0x0000000694800000| Untracked 
|  73|0x0000000694c00000, 0x0000000694c00000, 0x0000000695000000|  0%| F|  |TAMS 0x0000000694c00000, 0x0000000694c00000| Untracked 
|  74|0x0000000695000000, 0x0000000695000000, 0x0000000695400000|  0%| F|  |TAMS 0x0000000695000000, 0x0000000695000000| Untracked 
|  75|0x0000000695400000, 0x0000000695400000, 0x0000000695800000|  0%| F|  |TAMS 0x0000000695400000, 0x0000000695400000| Untracked 
|  76|0x0000000695800000, 0x0000000695800000, 0x0000000695c00000|  0%| F|  |TAMS 0x0000000695800000, 0x0000000695800000| Untracked 
|  77|0x0000000695c00000, 0x0000000695c00000, 0x0000000696000000|  0%| F|  |TAMS 0x0000000695c00000, 0x0000000695c00000| Untracked 
|  78|0x0000000696000000, 0x0000000696000000, 0x0000000696400000|  0%| F|  |TAMS 0x0000000696000000, 0x0000000696000000| Untracked 
|  79|0x0000000696400000, 0x0000000696400000, 0x0000000696800000|  0%| F|  |TAMS 0x0000000696400000, 0x0000000696400000| Untracked 
|  80|0x0000000696800000, 0x0000000696800000, 0x0000000696c00000|  0%| F|  |TAMS 0x0000000696800000, 0x0000000696800000| Untracked 
|  81|0x0000000696c00000, 0x0000000696c00000, 0x0000000697000000|  0%| F|  |TAMS 0x0000000696c00000, 0x0000000696c00000| Untracked 
|  82|0x0000000697000000, 0x0000000697000000, 0x0000000697400000|  0%| F|  |TAMS 0x0000000697000000, 0x0000000697000000| Untracked 
|  83|0x0000000697400000, 0x0000000697400000, 0x0000000697800000|  0%| F|  |TAMS 0x0000000697400000, 0x0000000697400000| Untracked 
|  84|0x0000000697800000, 0x0000000697800000, 0x0000000697c00000|  0%| F|  |TAMS 0x0000000697800000, 0x0000000697800000| Untracked 
|  85|0x0000000697c00000, 0x0000000697c00000, 0x0000000698000000|  0%| F|  |TAMS 0x0000000697c00000, 0x0000000697c00000| Untracked 
|  86|0x0000000698000000, 0x0000000698000000, 0x0000000698400000|  0%| F|  |TAMS 0x0000000698000000, 0x0000000698000000| Untracked 
|  87|0x0000000698400000, 0x0000000698400000, 0x0000000698800000|  0%| F|  |TAMS 0x0000000698400000, 0x0000000698400000| Untracked 
|  88|0x0000000698800000, 0x0000000698800000, 0x0000000698c00000|  0%| F|  |TAMS 0x0000000698800000, 0x0000000698800000| Untracked 
|  89|0x0000000698c00000, 0x0000000698c00000, 0x0000000699000000|  0%| F|  |TAMS 0x0000000698c00000, 0x0000000698c00000| Untracked 
|  90|0x0000000699000000, 0x0000000699000000, 0x0000000699400000|  0%| F|  |TAMS 0x0000000699000000, 0x0000000699000000| Untracked 
|  91|0x0000000699400000, 0x0000000699400000, 0x0000000699800000|  0%| F|  |TAMS 0x0000000699400000, 0x0000000699400000| Untracked 
|  92|0x0000000699800000, 0x0000000699800000, 0x0000000699c00000|  0%| F|  |TAMS 0x0000000699800000, 0x0000000699800000| Untracked 
|  93|0x0000000699c00000, 0x0000000699c00000, 0x000000069a000000|  0%| F|  |TAMS 0x0000000699c00000, 0x0000000699c00000| Untracked 
|  94|0x000000069a000000, 0x000000069a000000, 0x000000069a400000|  0%| F|  |TAMS 0x000000069a000000, 0x000000069a000000| Untracked 
|  95|0x000000069a400000, 0x000000069a6668f8, 0x000000069a800000| 60%| E|  |TAMS 0x000000069a400000, 0x000000069a400000| Complete 

Card table byte_map: [0x000001ec6aa20000,0x000001ec6b610000] _byte_map_base: 0x000001ec6760c000

Marking Bits (Prev, Next): (CMBitMap*) 0x000001ec5d56a7c0, (CMBitMap*) 0x000001ec5d56a800
 Prev Bits: [0x000001ec6c200000, 0x000001ec72160000)
 Next Bits: [0x000001ec72160000, 0x000001ec780c0000)

Polling page: 0x000001ec5d5a0000

Metaspace:

Usage:
  Non-class:      4.31 MB used.
      Class:    392.22 KB used.
       Both:      4.70 MB used.

Virtual space:
  Non-class space:       64.00 MB reserved,       4.38 MB (  7%) committed,  1 nodes.
      Class space:        1.00 GB reserved,     512.00 KB ( <1%) committed,  1 nodes.
             Both:        1.06 GB reserved,       4.88 MB ( <1%) committed. 

Chunk freelists:
   Non-Class:  11.00 MB
       Class:  15.56 MB
        Both:  26.56 MB

MaxMetaspaceSize: unlimited
CompressedClassSpaceSize: 1.00 GB
Initial GC threshold: 21.00 MB
Current GC threshold: 21.00 MB
CDS: off
MetaspaceReclaimPolicy: balanced
 - commit_granule_bytes: 65536.
 - commit_granule_words: 8192.
 - virtual_space_node_default_size: 8388608.
 - enlarge_chunks_in_place: 1.
 - new_chunks_are_fully_committed: 0.
 - uncommit_free_chunks: 1.
 - use_allocation_guard: 0.
 - handle_deallocations: 1.


Internal statistics:

num_allocs_failed_limit: 0.
num_arena_births: 4.
num_arena_deaths: 0.
num_vsnodes_births: 2.
num_vsnodes_deaths: 0.
num_space_committed: 78.
num_space_uncommitted: 0.
num_chunks_returned_to_freelist: 0.
num_chunks_taken_from_freelist: 8.
num_chunk_merges: 0.
num_chunk_splits: 4.
num_chunks_enlarged: 1.
num_purges: 0.
num_inconsistent_stats: 0.

CodeCache: size=49152Kb used=2366Kb max_used=2366Kb free=46785Kb
 bounds [0x000001ec66540000, 0x000001ec667b0000, 0x000001ec69540000]
 total_blobs=499 nmethods=174 adapters=251
 compilation: enabled
              stopped_count=0, restarted_count=0
 full_count=0

Compilation events (20 events):
Event: 0.547 Thread 0x000001ec000d1af0  165       1       java.util.Optional::orElse (16 bytes)
Event: 0.547 Thread 0x000001ec000d1af0 nmethod 165 0x000001ec6678d810 code [0x000001ec6678d9a0, 0x000001ec6678da78]
Event: 0.547 Thread 0x000001ec000d1af0  166       1       java.lang.String::getBytes (46 bytes)
Event: 0.547 Thread 0x000001ec000d1af0 nmethod 166 0x000001ec6678db10 code [0x000001ec6678dcc0, 0x000001ec6678deb8]
Event: 0.548 Thread 0x000001ec000d1af0  167       1       java.lang.module.ModuleDescriptor$Version::toString (5 bytes)
Event: 0.548 Thread 0x000001ec000d1af0 nmethod 167 0x000001ec6678df90 code [0x000001ec6678e120, 0x000001ec6678e1f8]
Event: 0.548 Thread 0x000001ec000d1af0  168       1       java.lang.module.ResolvedModule::reference (5 bytes)
Event: 0.548 Thread 0x000001ec000d1af0 nmethod 168 0x000001ec6678e290 code [0x000001ec6678e420, 0x000001ec6678e4f8]
Event: 0.548 Thread 0x000001ec000d1af0  169       1       java.lang.Math::max (11 bytes)
Event: 0.548 Thread 0x000001ec00261600  170       1       java.lang.module.ResolvedModule::name (11 bytes)
Event: 0.548 Thread 0x000001ec000d1af0 nmethod 169 0x000001ec6678e590 code [0x000001ec6678e720, 0x000001ec6678e7d8]
Event: 0.548 Thread 0x000001ec000d1af0  171       1       java.util.HashSet::<init> (16 bytes)
Event: 0.548 Thread 0x000001ec00261600 nmethod 170 0x000001ec6678e890 code [0x000001ec6678ea20, 0x000001ec6678eaf8]
Event: 0.548 Thread 0x000001ec000d1af0 nmethod 171 0x000001ec6678eb90 code [0x000001ec6678ed20, 0x000001ec6678eeb8]
Event: 0.549 Thread 0x000001ec00261600  172       1       java.lang.module.ResolvedModule::configuration (5 bytes)
Event: 0.549 Thread 0x000001ec000d1af0  173       1       java.lang.module.ModuleDescriptor::isOpen (5 bytes)
Event: 0.549 Thread 0x000001ec00261600 nmethod 172 0x000001ec6678ef90 code [0x000001ec6678f120, 0x000001ec6678f1f8]
Event: 0.549 Thread 0x000001ec000d1af0 nmethod 173 0x000001ec6678f290 code [0x000001ec6678f420, 0x000001ec6678f4f8]
Event: 0.549 Thread 0x000001ec000d1af0  174       1       java.util.HashMap::size (5 bytes)
Event: 0.549 Thread 0x000001ec000d1af0 nmethod 174 0x000001ec6678f590 code [0x000001ec6678f720, 0x000001ec6678f7f8]

GC Heap History (0 events):
No events

Deoptimization events (0 events):
No events

Classes unloaded (0 events):
No events

Classes redefined (0 events):
No events

Internal exceptions (0 events):
No events

VM Operations (2 events):
Event: 0.540 Executing VM operation: HandshakeAllThreads
Event: 0.540 Executing VM operation: HandshakeAllThreads done

Events (20 events):
Event: 0.540 loading class java/util/LinkedHashSet done
Event: 0.540 loading class java/util/LinkedHashMap
Event: 0.540 loading class java/util/LinkedHashMap done
Event: 0.541 loading class java/util/Collections$UnmodifiableCollection$1
Event: 0.541 loading class java/util/Collections$UnmodifiableCollection$1 done
Event: 0.541 loading class java/lang/module/ResolvedModule
Event: 0.541 loading class java/lang/module/ResolvedModule done
Event: 0.542 Thread 0x000001ec00261040 Thread added: 0x000001ec00261040
Event: 0.542 Thread 0x000001ec00261600 Thread added: 0x000001ec00261600
Event: 0.545 loading class jdk/internal/module/ModuleLoaderMap
Event: 0.545 loading class jdk/internal/module/ModuleLoaderMap done
Event: 0.546 loading class jdk/internal/module/ModuleLoaderMap$Mapper
Event: 0.546 loading class jdk/internal/module/ModuleLoaderMap$Mapper done
Event: 0.546 loading class jdk/internal/module/ModuleLoaderMap$Modules
Event: 0.546 loading class jdk/internal/module/ModuleLoaderMap$Modules done
Event: 0.549 loading class jdk/internal/loader/AbstractClassLoaderValue$Memoizer
Event: 0.549 loading class jdk/internal/loader/AbstractClassLoaderValue$Memoizer done
Event: 0.549 loading class jdk/internal/module/ServicesCatalog$ServiceProvider
Event: 0.549 loading class jdk/internal/module/ServicesCatalog$ServiceProvider done
Event: 0.549 loading class java/util/concurrent/CopyOnWriteArrayList


Dynamic libraries:
0x00007ff78d280000 - 0x00007ff78d290000 	C:\Program Files\Java\jdk-17\bin\java.exe
0x00007ff886650000 - 0x00007ff886867000 	C:\WINDOWS\SYSTEM32\ntdll.dll
0x00007ff885c60000 - 0x00007ff885d24000 	C:\WINDOWS\System32\KERNEL32.DLL
0x00007ff883db0000 - 0x00007ff884156000 	C:\WINDOWS\System32\KERNELBASE.dll
0x00007ff883b20000 - 0x00007ff883c31000 	C:\WINDOWS\System32\ucrtbase.dll
0x00007ff870410000 - 0x00007ff87042b000 	C:\Program Files\Java\jdk-17\bin\VCRUNTIME140.dll
0x00007ff8703f0000 - 0x00007ff870409000 	C:\Program Files\Java\jdk-17\bin\jli.dll
0x00007ff885010000 - 0x00007ff8850c3000 	C:\WINDOWS\System32\ADVAPI32.dll
0x00007ff8843a0000 - 0x00007ff884447000 	C:\WINDOWS\System32\msvcrt.dll
0x00007ff884bd0000 - 0x00007ff884c78000 	C:\WINDOWS\System32\sechost.dll
0x00007ff884370000 - 0x00007ff884398000 	C:\WINDOWS\System32\bcrypt.dll
0x00007ff8860b0000 - 0x00007ff8861c7000 	C:\WINDOWS\System32\RPCRT4.dll
0x00007ff8849f0000 - 0x00007ff884b9e000 	C:\WINDOWS\System32\USER32.dll
0x00007ff884340000 - 0x00007ff884366000 	C:\WINDOWS\System32\win32u.dll
0x00007ff884ba0000 - 0x00007ff884bc9000 	C:\WINDOWS\System32\GDI32.dll
0x00007ff876d30000 - 0x00007ff876fc3000 	C:\WINDOWS\WinSxS\amd64_microsoft.windows.common-controls_6595b64144ccf1df_6.0.22621.2506_none_270c5ae97388e100\COMCTL32.dll
0x00007ff884160000 - 0x00007ff884278000 	C:\WINDOWS\System32\gdi32full.dll
0x00007ff883a10000 - 0x00007ff883aaa000 	C:\WINDOWS\System32\msvcp_win.dll
0x00007ff87e6f0000 - 0x00007ff87e6fa000 	C:\WINDOWS\SYSTEM32\VERSION.dll
0x00007ff8849b0000 - 0x00007ff8849e1000 	C:\WINDOWS\System32\IMM32.DLL
0x00007ff8703e0000 - 0x00007ff8703ec000 	C:\Program Files\Java\jdk-17\bin\vcruntime140_1.dll
0x00007ff82a110000 - 0x00007ff82a19e000 	C:\Program Files\Java\jdk-17\bin\msvcp140.dll
0x00007fffe1a80000 - 0x00007fffe265e000 	C:\Program Files\Java\jdk-17\bin\server\jvm.dll
0x00007ff886500000 - 0x00007ff886508000 	C:\WINDOWS\System32\PSAPI.DLL
0x00007ff873be0000 - 0x00007ff873be9000 	C:\WINDOWS\SYSTEM32\WSOCK32.dll
0x00007ff87d9f0000 - 0x00007ff87da24000 	C:\WINDOWS\SYSTEM32\WINMM.dll
0x00007ff886590000 - 0x00007ff886601000 	C:\WINDOWS\System32\WS2_32.dll
0x00007ff882ac0000 - 0x00007ff882ad8000 	C:\WINDOWS\SYSTEM32\kernel.appcore.dll
0x00007ff8703d0000 - 0x00007ff8703da000 	C:\Program Files\Java\jdk-17\bin\jimage.dll
0x00007ff8812e0000 - 0x00007ff881513000 	C:\WINDOWS\SYSTEM32\DBGHELP.DLL
0x00007ff884c80000 - 0x00007ff885009000 	C:\WINDOWS\System32\combase.dll
0x00007ff885fd0000 - 0x00007ff8860a7000 	C:\WINDOWS\System32\OLEAUT32.dll
0x00007ff87cab0000 - 0x00007ff87cae2000 	C:\WINDOWS\SYSTEM32\dbgcore.DLL
0x00007ff883990000 - 0x00007ff883a0a000 	C:\WINDOWS\System32\bcryptPrimitives.dll
0x00007ff87daf0000 - 0x00007ff87dafe000 	C:\Program Files\Java\jdk-17\bin\instrument.dll
0x00007ff8703a0000 - 0x00007ff8703c5000 	C:\Program Files\Java\jdk-17\bin\java.dll
0x00007ff82a030000 - 0x00007ff82a107000 	C:\Program Files\Java\jdk-17\bin\jsvml.dll
0x00007ff8853f0000 - 0x00007ff885c4b000 	C:\WINDOWS\System32\SHELL32.dll
0x00007ff881900000 - 0x00007ff8821f6000 	C:\WINDOWS\SYSTEM32\windows.storage.dll
0x00007ff8817c0000 - 0x00007ff8818fe000 	C:\WINDOWS\SYSTEM32\wintypes.dll
0x00007ff886250000 - 0x00007ff886343000 	C:\WINDOWS\System32\SHCORE.dll
0x00007ff8861d0000 - 0x00007ff88622e000 	C:\WINDOWS\System32\shlwapi.dll
0x00007ff8838c0000 - 0x00007ff8838e6000 	C:\WINDOWS\SYSTEM32\profapi.dll

dbghelp: loaded successfully - version: 4.0.5 - missing functions: none
symbol engine: initialized successfully - sym options: 0x614 - pdb path: .;C:\Program Files\Java\jdk-17\bin;C:\WINDOWS\SYSTEM32;C:\WINDOWS\WinSxS\amd64_microsoft.windows.common-controls_6595b64144ccf1df_6.0.22621.2506_none_270c5ae97388e100;C:\Program Files\Java\jdk-17\bin\server

VM Arguments:
jvm_args: -XX:TieredStopAtLevel=1 -Dspring.output.ansi.enabled=always -Dcom.sun.management.jmxremote -Dspring.jmx.enabled=true -Dspring.liveBeansView.mbeanDomain -Dspring.application.admin.enabled=true -Dmanagement.endpoints.jmx.exposure.include=* -javaagent:C:\Program Files\JetBrains\IntelliJ IDEA 2023.2.2\lib\idea_rt.jar=51344:C:\Program Files\JetBrains\IntelliJ IDEA 2023.2.2\bin -Dfile.encoding=UTF-8 
java_command: com.example.pi_dev_4eme__poker_planning.PiDev4emePokerPlanningApplication
java_class_path (initial): C:\Users\trabe\OneDrive\Bureau\projet poker du planning\target\classes;C:\Users\trabe\.m2\repository\org\springframework\boot\spring-boot-starter-data-jpa\3.1.8\spring-boot-starter-data-jpa-3.1.8.jar;C:\Users\trabe\.m2\repository\org\springframework\boot\spring-boot-starter-aop\3.1.8\spring-boot-starter-aop-3.1.8.jar;C:\Users\trabe\.m2\repository\org\springframework\spring-aop\6.0.16\spring-aop-6.0.16.jar;C:\Users\trabe\.m2\repository\org\aspectj\aspectjweaver\1.9.21\aspectjweaver-1.9.21.jar;C:\Users\trabe\.m2\repository\org\springframework\boot\spring-boot-starter-jdbc\3.1.8\spring-boot-starter-jdbc-3.1.8.jar;C:\Users\trabe\.m2\repository\com\zaxxer\HikariCP\5.0.1\HikariCP-5.0.1.jar;C:\Users\trabe\.m2\repository\org\springframework\spring-jdbc\6.0.16\spring-jdbc-6.0.16.jar;C:\Users\trabe\.m2\repository\org\hibernate\orm\hibernate-core\6.2.20.Final\hibernate-core-6.2.20.Final.jar;C:\Users\trabe\.m2\repository\jakarta\persistence\jakarta.persistence-api\3.1.0\jakarta.persistence-api-3.1.0.jar;C:\Users\trabe\.m2\repository\jakarta\transaction\jakarta.transaction-api\2.0.1\jakarta.transaction-api-2.0.1.jar;C:\Users\trabe\.m2\repository\org\jboss\logging\jboss-logging\3.5.3.Final\jboss-logging-3.5.3.Final.jar;C:\Users\trabe\.m2\repository\org\hibernate\common\hibernate-commons-annotations\6.0.6.Final\hibernate-commons-annotations-6.0.6.Final.jar;C:\Users\trabe\.m2\repository\io\smallrye\jandex\3.0.5\jandex-3.0.5.jar;C:\Users\trabe\.m2\repository\com\fasterxml\classmate\1.5.1\classmate-1.5.1.jar;C:\Users\trabe\.m2\repository\net\bytebuddy\byte-buddy\1.14.11\byte-buddy-1.14.11.jar;C:\Users\trabe\.m2\repository\org\glassfish\jaxb\jaxb-runtime\4.0.4\jaxb-runtime-4.0.4.jar;C:\Users\trabe\.m2\repository\org\glassfish\jaxb\jaxb-core\4.0.4\jaxb-core-4.0.4.jar;C:\Users\trabe\.m2\repository\org\eclipse\angus\angus-activation\2.0.1\angus-activation-2.0.1.jar;C:\Users\trabe\.m2\repository\org\glassfish\jaxb\txw2\4.0.4\txw2-4.0.4.jar;C:\Users\trabe\.m2\r
Launcher Type: SUN_STANDARD

[Global flags]
     intx CICompilerCount                          = 4                                         {product} {ergonomic}
     uint ConcGCThreads                            = 2                                         {product} {ergonomic}
     uint G1ConcRefinementThreads                  = 8                                         {product} {ergonomic}
   size_t G1HeapRegionSize                         = 4194304                                   {product} {ergonomic}
    uintx GCDrainStackTargetSize                   = 64                                        {product} {ergonomic}
   size_t InitialHeapSize                          = 402653184                                 {product} {ergonomic}
     bool ManagementServer                         = true                                      {product} {command line}
   size_t MarkStackSize                            = 4194304                                   {product} {ergonomic}
   size_t MaxHeapSize                              = 6400507904                                {product} {ergonomic}
   size_t MaxNewSize                               = 3837788160                                {product} {ergonomic}
   size_t MinHeapDeltaBytes                        = 4194304                                   {product} {ergonomic}
   size_t MinHeapSize                              = 8388608                                   {product} {ergonomic}
    uintx NonProfiledCodeHeapSize                  = 0                                      {pd product} {ergonomic}
     bool ProfileInterpreter                       = false                                  {pd product} {command line}
    uintx ProfiledCodeHeapSize                     = 0                                      {pd product} {ergonomic}
   size_t SoftMaxHeapSize                          = 6400507904                             {manageable} {ergonomic}
     intx TieredStopAtLevel                        = 1                                         {product} {command line}
     bool UseCompressedClassPointers               = true                           {product lp64_product} {ergonomic}
     bool UseCompressedOops                        = true                           {product lp64_product} {ergonomic}
     bool UseG1GC                                  = true                                      {product} {ergonomic}
     bool UseLargePagesIndividualAllocation        = false                                  {pd product} {ergonomic}

Logging:
Log output configuration:
 #0: stdout all=warning uptime,level,tags
 #1: stderr all=off uptime,level,tags

Environment Variables:
PATH=C:\Program Files\Common Files\Oracle\Java\javapath;C:\oraclexe\app\oracle\product\11.2.0\server\bin;;C:\Windows\system32;C:\Windows;C:\Windows\System32\Wbem;C:\Windows\System32\WindowsPowerShell\v1.0\;C:\Windows\System32\OpenSSH\;C:\Program Files (x86)\NVIDIA Corporation\PhysX\Common;C:\Program Files\NVIDIA Corporation\NVIDIA NvDLISR;C:\Program Files\Java\jdk1.8.0_301\bin;C:\WINDOWS\system32;C:\WINDOWS;C:\WINDOWS\System32\Wbem;C:\WINDOWS\System32\WindowsPowerShell\v1.0\;C:\WINDOWS\System32\OpenSSH\;C:\xampp\mysql;C:\xampp\php;C:\Program Files\Git\cmd;C:\ProgramData\ComposerSetup\bin;C:\Program Files\Microsoft SQL Server\150\Tools\Binn\;C:\Program Files\Microsoft SQL Server\Client SDK\ODBC\170\Tools\Binn\;C:\Program Files\dotnet\;C:\Program Files (x86)\Microsoft SQL Server\110\DTS\Binn\;C:\Program Files (x86)\Microsoft SQL Server\110\Tools\Binn\;C:\Program Files (x86)\Microsoft SQL Server\110\Tools\Binn\ManagementStudio\;C:\Program Files (x86)\Microsoft Visual Studio 10.0\Common7\IDE\PrivateAssemblies\;C:\Program Files\nodejs\;C:\Users\trabe\scoop\shims;C:\Users\trabe\AppData\Local\Microsoft\WindowsApps;C:\Program Files\Java\jdk1.8.0_301\bin;C:\Users\trabe\AppData\Local\GitHubDesktop\bin;C:\xampp\php;C:\Users\trabe\AppData\Roaming\Composer\vendor\bin;C:\Users\trabe\.dotnet\tools;C:\Users\trabe\AppData\Local\Programs\Microsoft VS Code\bin;C:\Users\trabe\AppData\Roaming\npm
USERNAME=trabelsi
OS=Windows_NT
PROCESSOR_IDENTIFIER=Intel64 Family 6 Model 165 Stepping 2, GenuineIntel



---------------  S Y S T E M  ---------------

OS:
 Windows 11 , 64 bit Build 22621 (10.0.22621.3085)
OS uptime: 3 days 3:29 hours

CPU: total 8 (initial active 8) (4 cores per cpu, 2 threads per core) family 6 model 165 stepping 2 microcode 0xe0, cx8, cmov, fxsr, ht, mmx, 3dnowpref, sse, sse2, sse3, ssse3, sse4.1, sse4.2, popcnt, lzcnt, tsc, tscinvbit, avx, avx2, aes, erms, clmul, bmi1, bmi2, adx, fma, vzeroupper, clflush, clflushopt

Memory: 4k page, system-wide physical 24413M (1027M free)
TotalPageFile size 82455M (AvailPageFile size 481M)
current process WorkingSet (physical memory assigned to process): 28M, peak: 28M
current process commit charge ("private bytes"): 465M, peak: 467M

vm_info: Java HotSpot(TM) 64-Bit Server VM (17.0.8+9-LTS-211) for windows-amd64 JRE (17.0.8+9-LTS-211), built on Jun 14 2023 10:34:31 by "mach5one" with MS VC++ 17.1 (VS2022)

END.
