#
# There is insufficient memory for the Java Runtime Environment to continue.
# Native memory allocation (mmap) failed to map 65536 bytes for Failed to commit metaspace.
# Possible reasons:
#   The system is out of physical RAM or swap space
#   The process is running with CompressedOops enabled, and the Java Heap may be blocking the growth of the native heap
# Possible solutions:
#   Reduce memory load on the system
#   Increase physical memory or swap space
#   Check if swap backing store is full
#   Decrease Java heap size (-Xmx/-Xms)
#   Decrease number of Java threads
#   Decrease Java thread stack sizes (-Xss)
#   Set larger code cache with -XX:ReservedCodeCacheSize=
#   JVM is running with Zero Based Compressed Oops mode in which the Java heap is
#     placed in the first 32GB address space. The Java Heap base address is the
#     maximum limit for the native heap growth. Please use -XX:HeapBaseMinAddress
#     to set the Java Heap base and to place the Java Heap above 32GB virtual address.
# This output file may be truncated or incomplete.
#
#  Out of Memory Error (virtualSpaceNode.cpp:110), pid=16744, tid=10768
#
# JRE version: Java(TM) SE Runtime Environment (17.0.8+9) (build 17.0.8+9-LTS-211)
# Java VM: Java HotSpot(TM) 64-Bit Server VM (17.0.8+9-LTS-211, mixed mode, emulated-client, sharing, tiered, compressed oops, compressed class ptrs, g1 gc, windows-amd64)
# No core dump will be written. Minidumps are not enabled by default on client versions of Windows
#

---------------  S U M M A R Y ------------

Command Line: -XX:TieredStopAtLevel=1 -Dspring.output.ansi.enabled=always -Dcom.sun.management.jmxremote -Dspring.jmx.enabled=true -Dspring.liveBeansView.mbeanDomain -Dspring.application.admin.enabled=true -Dmanagement.endpoints.jmx.exposure.include=* -javaagent:C:\Program Files\JetBrains\IntelliJ IDEA 2023.2.2\lib\idea_rt.jar=54382:C:\Program Files\JetBrains\IntelliJ IDEA 2023.2.2\bin -Dfile.encoding=UTF-8 com.example.pi_dev_4eme__poker_planning.PiDev4emePokerPlanningApplication

Host: Intel(R) Core(TM) i5-10300H CPU @ 2.50GHz, 8 cores, 23G,  Windows 11 , 64 bit Build 22621 (10.0.22621.3085)
Time: Sun Feb 18 16:34:54 2024 Afr. centrale Ouest elapsed time: 1.265601 seconds (0d 0h 0m 1s)

---------------  T H R E A D  ---------------

Current thread (0x0000023bdeb394f0):  JavaThread "background-preinit" [_thread_in_vm, id=10768, stack(0x00000043a2900000,0x00000043a2a00000)]

Stack: [0x00000043a2900000,0x00000043a2a00000]
Native frames: (J=compiled Java code, j=interpreted, Vv=VM code, C=native code)
V  [jvm.dll+0x677d0a]
V  [jvm.dll+0x7d8c54]
V  [jvm.dll+0x7da3fe]
V  [jvm.dll+0x7daa63]
V  [jvm.dll+0x245c5f]
V  [jvm.dll+0x7d4d5b]
V  [jvm.dll+0x61dcf6]
V  [jvm.dll+0x1c0127]
V  [jvm.dll+0x620650]
V  [jvm.dll+0x61e6b6]
V  [jvm.dll+0x23a29f]
V  [jvm.dll+0x628445]
V  [jvm.dll+0x1e9bdd]
V  [jvm.dll+0x1ea1a5]
V  [jvm.dll+0x1eaaeb]
V  [jvm.dll+0x1e02f1]
V  [jvm.dll+0x53ddbc]
V  [jvm.dll+0x753768]
V  [jvm.dll+0x753854]
V  [jvm.dll+0x40ba4f]
V  [jvm.dll+0x411a69]
C  [java.dll+0x17ec]

Java frames: (J=compiled Java code, j=interpreted, Vv=VM code)
J 1159  java.lang.ClassLoader.defineClass1(Ljava/lang/ClassLoader;Ljava/lang/String;[BIILjava/security/ProtectionDomain;Ljava/lang/String;)Ljava/lang/Class; java.base@17.0.8 (0 bytes) @ 0x0000023b87b159e3 [0x0000023b87b15920+0x00000000000000c3]
J 1244 c1 java.lang.ClassLoader.defineClass(Ljava/lang/String;[BIILjava/security/ProtectionDomain;)Ljava/lang/Class; java.base@17.0.8 (43 bytes) @ 0x0000023b87bc4b6c [0x0000023b87bc4a60+0x000000000000010c]
J 1165 c1 jdk.internal.loader.BuiltinClassLoader.defineClass(Ljava/lang/String;Ljdk/internal/loader/Resource;)Ljava/lang/Class; java.base@17.0.8 (121 bytes) @ 0x0000023b87b19ef4 [0x0000023b87b19a20+0x00000000000004d4]
J 1158 c1 jdk.internal.loader.BuiltinClassLoader.findClassOnClassPathOrNull(Ljava/lang/String;)Ljava/lang/Class; java.base@17.0.8 (64 bytes) @ 0x0000023b87b171c4 [0x0000023b87b16f00+0x00000000000002c4]
J 926 c1 jdk.internal.loader.BuiltinClassLoader.loadClassOrNull(Ljava/lang/String;Z)Ljava/lang/Class; java.base@17.0.8 (143 bytes) @ 0x0000023b87aabf84 [0x0000023b87aabb00+0x0000000000000484]
J 1061 c1 jdk.internal.loader.ClassLoaders$AppClassLoader.loadClass(Ljava/lang/String;Z)Ljava/lang/Class; java.base@17.0.8 (40 bytes) @ 0x0000023b87aed92c [0x0000023b87aed7e0+0x000000000000014c]
J 1060 c1 java.lang.ClassLoader.loadClass(Ljava/lang/String;)Ljava/lang/Class; java.base@17.0.8 (7 bytes) @ 0x0000023b87aed0e4 [0x0000023b87aed0a0+0x0000000000000044]
v  ~StubRoutines::call_stub
j  com.fasterxml.jackson.databind.ObjectMapper.<init>(Lcom/fasterxml/jackson/core/JsonFactory;Lcom/fasterxml/jackson/databind/ser/DefaultSerializerProvider;Lcom/fasterxml/jackson/databind/deser/DefaultDeserializationContext;)V+87
j  com.fasterxml.jackson.databind.ObjectMapper.<init>()V+4
j  org.springframework.http.converter.json.Jackson2ObjectMapperBuilder.build()Lcom/fasterxml/jackson/databind/ObjectMapper;+81
j  org.springframework.http.converter.json.MappingJackson2HttpMessageConverter.<init>()V+4
j  org.springframework.http.converter.support.AllEncompassingFormHttpMessageConverter.<init>()V+55
j  org.springframework.boot.autoconfigure.BackgroundPreinitializer$MessageConverterInitializer.run()V+4
j  org.springframework.boot.autoconfigure.BackgroundPreinitializer$1.runSafely(Ljava/lang/Runnable;)Z+1
j  org.springframework.boot.autoconfigure.BackgroundPreinitializer$1.run()V+32
j  java.lang.Thread.run()V+11 java.base@17.0.8
v  ~StubRoutines::call_stub

---------------  P R O C E S S  ---------------

Threads class SMR info:
_java_thread_list=0x0000023bdeb0c560, length=17, elements={
0x0000023bfd527c90, 0x0000023b98b9ab20, 0x0000023b98b9b3a0, 0x0000023b98badcc0,
0x0000023b98baf1a0, 0x0000023b98bb3680, 0x0000023b98bb3b50, 0x0000023b98bb8030,
0x0000023b98bb8540, 0x0000023b98b83f40, 0x0000023bde0e1a90, 0x0000023bde510d20,
0x0000023bde5111f0, 0x0000023bde637130, 0x0000023bdea04c30, 0x0000023bde9d9730,
0x0000023bdeb394f0
}

Java Threads: ( => current thread )
  0x0000023bfd527c90 JavaThread "main" [_thread_in_vm, id=15844, stack(0x00000043a0900000,0x00000043a0a00000)]
  0x0000023b98b9ab20 JavaThread "Reference Handler" daemon [_thread_blocked, id=2780, stack(0x00000043a1000000,0x00000043a1100000)]
  0x0000023b98b9b3a0 JavaThread "Finalizer" daemon [_thread_blocked, id=15176, stack(0x00000043a1100000,0x00000043a1200000)]
  0x0000023b98badcc0 JavaThread "Signal Dispatcher" daemon [_thread_blocked, id=5044, stack(0x00000043a1200000,0x00000043a1300000)]
  0x0000023b98baf1a0 JavaThread "Attach Listener" daemon [_thread_blocked, id=13952, stack(0x00000043a1300000,0x00000043a1400000)]
  0x0000023b98bb3680 JavaThread "Service Thread" daemon [_thread_blocked, id=15604, stack(0x00000043a1400000,0x00000043a1500000)]
  0x0000023b98bb3b50 JavaThread "Monitor Deflation Thread" daemon [_thread_blocked, id=3280, stack(0x00000043a1500000,0x00000043a1600000)]
  0x0000023b98bb8030 JavaThread "C1 CompilerThread0" daemon [_thread_blocked, id=14816, stack(0x00000043a1600000,0x00000043a1700000)]
  0x0000023b98bb8540 JavaThread "Sweeper thread" daemon [_thread_blocked, id=18576, stack(0x00000043a1700000,0x00000043a1800000)]
  0x0000023b98b83f40 JavaThread "Common-Cleaner" daemon [_thread_blocked, id=8908, stack(0x00000043a1800000,0x00000043a1900000)]
  0x0000023bde0e1a90 JavaThread "C1 CompilerThread1" daemon [_thread_blocked, id=8588, stack(0x00000043a1900000,0x00000043a1a00000)]
  0x0000023bde510d20 JavaThread "Monitor Ctrl-Break" daemon [_thread_in_native, id=12352, stack(0x00000043a1a00000,0x00000043a1b00000)]
  0x0000023bde5111f0 JavaThread "Notification Thread" daemon [_thread_blocked, id=17808, stack(0x00000043a1b00000,0x00000043a1c00000)]
  0x0000023bde637130 JavaThread "RMI TCP Accept-0" daemon [_thread_in_native, id=10352, stack(0x00000043a1c00000,0x00000043a1d00000)]
  0x0000023bdea04c30 JavaThread "C1 CompilerThread2" daemon [_thread_blocked, id=18808, stack(0x00000043a2700000,0x00000043a2800000)]
  0x0000023bde9d9730 JavaThread "C1 CompilerThread3" daemon [_thread_blocked, id=8964, stack(0x00000043a2800000,0x00000043a2900000)]
=>0x0000023bdeb394f0 JavaThread "background-preinit" [_thread_in_vm, id=10768, stack(0x00000043a2900000,0x00000043a2a00000)]

Other Threads:
  0x0000023b98b94c20 VMThread "VM Thread" [stack: 0x00000043a0f00000,0x00000043a1000000] [id=12160]
  0x0000023bfd5288c0 WatcherThread [stack: 0x00000043a1d00000,0x00000043a1e00000] [id=6296]
  0x0000023bfd5b08c0 GCTaskThread "GC Thread#0" [stack: 0x00000043a0a00000,0x00000043a0b00000] [id=18220]
  0x0000023bde977920 GCTaskThread "GC Thread#1" [stack: 0x00000043a1e00000,0x00000043a1f00000] [id=6604]
  0x0000023bde977bd0 GCTaskThread "GC Thread#2" [stack: 0x00000043a1f00000,0x00000043a2000000] [id=18192]
  0x0000023bde98c200 GCTaskThread "GC Thread#3" [stack: 0x00000043a2000000,0x00000043a2100000] [id=9712]
  0x0000023bde98c4b0 GCTaskThread "GC Thread#4" [stack: 0x00000043a2100000,0x00000043a2200000] [id=6696]
  0x0000023bde98c760 GCTaskThread "GC Thread#5" [stack: 0x00000043a2200000,0x00000043a2300000] [id=6792]
  0x0000023bde98ce90 GCTaskThread "GC Thread#6" [stack: 0x00000043a2300000,0x00000043a2400000] [id=16608]
  0x0000023bde98d140 GCTaskThread "GC Thread#7" [stack: 0x00000043a2400000,0x00000043a2500000] [id=7536]
  0x0000023bfd5bd5c0 ConcurrentGCThread "G1 Main Marker" [stack: 0x00000043a0b00000,0x00000043a0c00000] [id=17600]
  0x0000023bfd5beee0 ConcurrentGCThread "G1 Conc#0" [stack: 0x00000043a0c00000,0x00000043a0d00000] [id=13052]
  0x0000023b98a53ed0 ConcurrentGCThread "G1 Refine#0" [stack: 0x00000043a0d00000,0x00000043a0e00000] [id=18456]
  0x0000023bde9a7dc0 ConcurrentGCThread "G1 Refine#1" [stack: 0x00000043a2500000,0x00000043a2600000] [id=6568]
  0x0000023bde9a80a0 ConcurrentGCThread "G1 Refine#2" [stack: 0x00000043a2600000,0x00000043a2700000] [id=18616]
  0x0000023b98a56410 ConcurrentGCThread "G1 Service" [stack: 0x00000043a0e00000,0x00000043a0f00000] [id=18484]

Threads with active compile tasks:

VM state: not at safepoint (normal execution)

VM Mutex/Monitor currently owned by a thread:  ([mutex/lock_event])
[0x0000023bfd521350] Metaspace_lock - owner thread: 0x0000023bdeb394f0

Heap address: 0x0000000682800000, size: 6104 MB, Compressed Oops mode: Zero based, Oop shift amount: 3

CDS archive(s) mapped at: [0x0000023b99000000-0x0000023b99bd0000-0x0000023b99bd0000), size 12386304, SharedBaseAddress: 0x0000023b99000000, ArchiveRelocationMode: 1.
Compressed class space mapped at: 0x0000023b9a000000-0x0000023bda000000, reserved size: 1073741824
Narrow klass base: 0x0000023b99000000, Narrow klass shift: 0, Narrow klass range: 0x100000000

GC Precious Log:
 CPUs: 8 total, 8 available
 Memory: 24413M
 Large Page Support: Disabled
 NUMA Support: Disabled
 Compressed Oops: Enabled (Zero based)
 Heap Region Size: 4M
 Heap Min Capacity: 8M
 Heap Initial Capacity: 384M
 Heap Max Capacity: 6104M
 Pre-touch: Disabled
 Parallel Workers: 8
 Concurrent Workers: 2
 Concurrent Refinement Workers: 8
 Periodic GC: Disabled

Heap:
 garbage-first heap   total 393216K, used 24304K [0x0000000682800000, 0x0000000800000000)
  region size 4096K, 6 young (24576K), 1 survivors (4096K)
 Metaspace       used 13773K, committed 13952K, reserved 1114112K
  class space    used 1815K, committed 1920K, reserved 1048576K

Heap Regions: E=young(eden), S=young(survivor), O=old, HS=humongous(starts), HC=humongous(continues), CS=collection set, F=free, OA=open archive, CA=closed archive, TAMS=top-at-mark-start (previous, next)
|   0|0x0000000682800000, 0x0000000682c00000, 0x0000000682c00000|100%| O|  |TAMS 0x0000000682800000, 0x0000000682800000| Untracked 
|   1|0x0000000682c00000, 0x0000000682eb7400, 0x0000000683000000| 67%| O|  |TAMS 0x0000000682c00000, 0x0000000682c00000| Untracked 
|   2|0x0000000683000000, 0x0000000683000000, 0x0000000683400000|  0%| F|  |TAMS 0x0000000683000000, 0x0000000683000000| Untracked 
|   3|0x0000000683400000, 0x0000000683400000, 0x0000000683800000|  0%| F|  |TAMS 0x0000000683400000, 0x0000000683400000| Untracked 
|   4|0x0000000683800000, 0x0000000683800000, 0x0000000683c00000|  0%| F|  |TAMS 0x0000000683800000, 0x0000000683800000| Untracked 
|   5|0x0000000683c00000, 0x0000000683c00000, 0x0000000684000000|  0%| F|  |TAMS 0x0000000683c00000, 0x0000000683c00000| Untracked 
|   6|0x0000000684000000, 0x0000000684000000, 0x0000000684400000|  0%| F|  |TAMS 0x0000000684000000, 0x0000000684000000| Untracked 
|   7|0x0000000684400000, 0x0000000684400000, 0x0000000684800000|  0%| F|  |TAMS 0x0000000684400000, 0x0000000684400000| Untracked 
|   8|0x0000000684800000, 0x0000000684800000, 0x0000000684c00000|  0%| F|  |TAMS 0x0000000684800000, 0x0000000684800000| Untracked 
|   9|0x0000000684c00000, 0x0000000684c00000, 0x0000000685000000|  0%| F|  |TAMS 0x0000000684c00000, 0x0000000684c00000| Untracked 
|  10|0x0000000685000000, 0x0000000685000000, 0x0000000685400000|  0%| F|  |TAMS 0x0000000685000000, 0x0000000685000000| Untracked 
|  11|0x0000000685400000, 0x0000000685400000, 0x0000000685800000|  0%| F|  |TAMS 0x0000000685400000, 0x0000000685400000| Untracked 
|  12|0x0000000685800000, 0x0000000685800000, 0x0000000685c00000|  0%| F|  |TAMS 0x0000000685800000, 0x0000000685800000| Untracked 
|  13|0x0000000685c00000, 0x0000000685c00000, 0x0000000686000000|  0%| F|  |TAMS 0x0000000685c00000, 0x0000000685c00000| Untracked 
|  14|0x0000000686000000, 0x0000000686000000, 0x0000000686400000|  0%| F|  |TAMS 0x0000000686000000, 0x0000000686000000| Untracked 
|  15|0x0000000686400000, 0x0000000686400000, 0x0000000686800000|  0%| F|  |TAMS 0x0000000686400000, 0x0000000686400000| Untracked 
|  16|0x0000000686800000, 0x0000000686800000, 0x0000000686c00000|  0%| F|  |TAMS 0x0000000686800000, 0x0000000686800000| Untracked 
|  17|0x0000000686c00000, 0x0000000686c00000, 0x0000000687000000|  0%| F|  |TAMS 0x0000000686c00000, 0x0000000686c00000| Untracked 
|  18|0x0000000687000000, 0x0000000687000000, 0x0000000687400000|  0%| F|  |TAMS 0x0000000687000000, 0x0000000687000000| Untracked 
|  19|0x0000000687400000, 0x0000000687400000, 0x0000000687800000|  0%| F|  |TAMS 0x0000000687400000, 0x0000000687400000| Untracked 
|  20|0x0000000687800000, 0x0000000687800000, 0x0000000687c00000|  0%| F|  |TAMS 0x0000000687800000, 0x0000000687800000| Untracked 
|  21|0x0000000687c00000, 0x0000000687c00000, 0x0000000688000000|  0%| F|  |TAMS 0x0000000687c00000, 0x0000000687c00000| Untracked 
|  22|0x0000000688000000, 0x0000000688000000, 0x0000000688400000|  0%| F|  |TAMS 0x0000000688000000, 0x0000000688000000| Untracked 
|  23|0x0000000688400000, 0x0000000688400000, 0x0000000688800000|  0%| F|  |TAMS 0x0000000688400000, 0x0000000688400000| Untracked 
|  24|0x0000000688800000, 0x0000000688800000, 0x0000000688c00000|  0%| F|  |TAMS 0x0000000688800000, 0x0000000688800000| Untracked 
|  25|0x0000000688c00000, 0x0000000688c00000, 0x0000000689000000|  0%| F|  |TAMS 0x0000000688c00000, 0x0000000688c00000| Untracked 
|  26|0x0000000689000000, 0x0000000689000000, 0x0000000689400000|  0%| F|  |TAMS 0x0000000689000000, 0x0000000689000000| Untracked 
|  27|0x0000000689400000, 0x0000000689400000, 0x0000000689800000|  0%| F|  |TAMS 0x0000000689400000, 0x0000000689400000| Untracked 
|  28|0x0000000689800000, 0x0000000689800000, 0x0000000689c00000|  0%| F|  |TAMS 0x0000000689800000, 0x0000000689800000| Untracked 
|  29|0x0000000689c00000, 0x0000000689c00000, 0x000000068a000000|  0%| F|  |TAMS 0x0000000689c00000, 0x0000000689c00000| Untracked 
|  30|0x000000068a000000, 0x000000068a000000, 0x000000068a400000|  0%| F|  |TAMS 0x000000068a000000, 0x000000068a000000| Untracked 
|  31|0x000000068a400000, 0x000000068a400000, 0x000000068a800000|  0%| F|  |TAMS 0x000000068a400000, 0x000000068a400000| Untracked 
|  32|0x000000068a800000, 0x000000068a800000, 0x000000068ac00000|  0%| F|  |TAMS 0x000000068a800000, 0x000000068a800000| Untracked 
|  33|0x000000068ac00000, 0x000000068ac00000, 0x000000068b000000|  0%| F|  |TAMS 0x000000068ac00000, 0x000000068ac00000| Untracked 
|  34|0x000000068b000000, 0x000000068b000000, 0x000000068b400000|  0%| F|  |TAMS 0x000000068b000000, 0x000000068b000000| Untracked 
|  35|0x000000068b400000, 0x000000068b400000, 0x000000068b800000|  0%| F|  |TAMS 0x000000068b400000, 0x000000068b400000| Untracked 
|  36|0x000000068b800000, 0x000000068b800000, 0x000000068bc00000|  0%| F|  |TAMS 0x000000068b800000, 0x000000068b800000| Untracked 
|  37|0x000000068bc00000, 0x000000068bc00000, 0x000000068c000000|  0%| F|  |TAMS 0x000000068bc00000, 0x000000068bc00000| Untracked 
|  38|0x000000068c000000, 0x000000068c000000, 0x000000068c400000|  0%| F|  |TAMS 0x000000068c000000, 0x000000068c000000| Untracked 
|  39|0x000000068c400000, 0x000000068c400000, 0x000000068c800000|  0%| F|  |TAMS 0x000000068c400000, 0x000000068c400000| Untracked 
|  40|0x000000068c800000, 0x000000068c800000, 0x000000068cc00000|  0%| F|  |TAMS 0x000000068c800000, 0x000000068c800000| Untracked 
|  41|0x000000068cc00000, 0x000000068cc00000, 0x000000068d000000|  0%| F|  |TAMS 0x000000068cc00000, 0x000000068cc00000| Untracked 
|  42|0x000000068d000000, 0x000000068d000000, 0x000000068d400000|  0%| F|  |TAMS 0x000000068d000000, 0x000000068d000000| Untracked 
|  43|0x000000068d400000, 0x000000068d400000, 0x000000068d800000|  0%| F|  |TAMS 0x000000068d400000, 0x000000068d400000| Untracked 
|  44|0x000000068d800000, 0x000000068d800000, 0x000000068dc00000|  0%| F|  |TAMS 0x000000068d800000, 0x000000068d800000| Untracked 
|  45|0x000000068dc00000, 0x000000068dc00000, 0x000000068e000000|  0%| F|  |TAMS 0x000000068dc00000, 0x000000068dc00000| Untracked 
|  46|0x000000068e000000, 0x000000068e000000, 0x000000068e400000|  0%| F|  |TAMS 0x000000068e000000, 0x000000068e000000| Untracked 
|  47|0x000000068e400000, 0x000000068e400000, 0x000000068e800000|  0%| F|  |TAMS 0x000000068e400000, 0x000000068e400000| Untracked 
|  48|0x000000068e800000, 0x000000068e800000, 0x000000068ec00000|  0%| F|  |TAMS 0x000000068e800000, 0x000000068e800000| Untracked 
|  49|0x000000068ec00000, 0x000000068ec00000, 0x000000068f000000|  0%| F|  |TAMS 0x000000068ec00000, 0x000000068ec00000| Untracked 
|  50|0x000000068f000000, 0x000000068f000000, 0x000000068f400000|  0%| F|  |TAMS 0x000000068f000000, 0x000000068f000000| Untracked 
|  51|0x000000068f400000, 0x000000068f400000, 0x000000068f800000|  0%| F|  |TAMS 0x000000068f400000, 0x000000068f400000| Untracked 
|  52|0x000000068f800000, 0x000000068f800000, 0x000000068fc00000|  0%| F|  |TAMS 0x000000068f800000, 0x000000068f800000| Untracked 
|  53|0x000000068fc00000, 0x000000068fc00000, 0x0000000690000000|  0%| F|  |TAMS 0x000000068fc00000, 0x000000068fc00000| Untracked 
|  54|0x0000000690000000, 0x0000000690000000, 0x0000000690400000|  0%| F|  |TAMS 0x0000000690000000, 0x0000000690000000| Untracked 
|  55|0x0000000690400000, 0x0000000690400000, 0x0000000690800000|  0%| F|  |TAMS 0x0000000690400000, 0x0000000690400000| Untracked 
|  56|0x0000000690800000, 0x0000000690800000, 0x0000000690c00000|  0%| F|  |TAMS 0x0000000690800000, 0x0000000690800000| Untracked 
|  57|0x0000000690c00000, 0x0000000690c00000, 0x0000000691000000|  0%| F|  |TAMS 0x0000000690c00000, 0x0000000690c00000| Untracked 
|  58|0x0000000691000000, 0x0000000691000000, 0x0000000691400000|  0%| F|  |TAMS 0x0000000691000000, 0x0000000691000000| Untracked 
|  59|0x0000000691400000, 0x0000000691400000, 0x0000000691800000|  0%| F|  |TAMS 0x0000000691400000, 0x0000000691400000| Untracked 
|  60|0x0000000691800000, 0x0000000691800000, 0x0000000691c00000|  0%| F|  |TAMS 0x0000000691800000, 0x0000000691800000| Untracked 
|  61|0x0000000691c00000, 0x0000000691c00000, 0x0000000692000000|  0%| F|  |TAMS 0x0000000691c00000, 0x0000000691c00000| Untracked 
|  62|0x0000000692000000, 0x0000000692000000, 0x0000000692400000|  0%| F|  |TAMS 0x0000000692000000, 0x0000000692000000| Untracked 
|  63|0x0000000692400000, 0x0000000692400000, 0x0000000692800000|  0%| F|  |TAMS 0x0000000692400000, 0x0000000692400000| Untracked 
|  64|0x0000000692800000, 0x0000000692800000, 0x0000000692c00000|  0%| F|  |TAMS 0x0000000692800000, 0x0000000692800000| Untracked 
|  65|0x0000000692c00000, 0x0000000692c00000, 0x0000000693000000|  0%| F|  |TAMS 0x0000000692c00000, 0x0000000692c00000| Untracked 
|  66|0x0000000693000000, 0x0000000693000000, 0x0000000693400000|  0%| F|  |TAMS 0x0000000693000000, 0x0000000693000000| Untracked 
|  67|0x0000000693400000, 0x0000000693400000, 0x0000000693800000|  0%| F|  |TAMS 0x0000000693400000, 0x0000000693400000| Untracked 
|  68|0x0000000693800000, 0x0000000693800000, 0x0000000693c00000|  0%| F|  |TAMS 0x0000000693800000, 0x0000000693800000| Untracked 
|  69|0x0000000693c00000, 0x0000000693c00000, 0x0000000694000000|  0%| F|  |TAMS 0x0000000693c00000, 0x0000000693c00000| Untracked 
|  70|0x0000000694000000, 0x0000000694000000, 0x0000000694400000|  0%| F|  |TAMS 0x0000000694000000, 0x0000000694000000| Untracked 
|  71|0x0000000694400000, 0x0000000694400000, 0x0000000694800000|  0%| F|  |TAMS 0x0000000694400000, 0x0000000694400000| Untracked 
|  72|0x0000000694800000, 0x0000000694800000, 0x0000000694c00000|  0%| F|  |TAMS 0x0000000694800000, 0x0000000694800000| Untracked 
|  73|0x0000000694c00000, 0x0000000694c00000, 0x0000000695000000|  0%| F|  |TAMS 0x0000000694c00000, 0x0000000694c00000| Untracked 
|  74|0x0000000695000000, 0x0000000695000000, 0x0000000695400000|  0%| F|  |TAMS 0x0000000695000000, 0x0000000695000000| Untracked 
|  75|0x0000000695400000, 0x0000000695400000, 0x0000000695800000|  0%| F|  |TAMS 0x0000000695400000, 0x0000000695400000| Untracked 
|  76|0x0000000695800000, 0x0000000695800000, 0x0000000695c00000|  0%| F|  |TAMS 0x0000000695800000, 0x0000000695800000| Untracked 
|  77|0x0000000695c00000, 0x0000000695c00000, 0x0000000696000000|  0%| F|  |TAMS 0x0000000695c00000, 0x0000000695c00000| Untracked 
|  78|0x0000000696000000, 0x0000000696000000, 0x0000000696400000|  0%| F|  |TAMS 0x0000000696000000, 0x0000000696000000| Untracked 
|  79|0x0000000696400000, 0x0000000696400000, 0x0000000696800000|  0%| F|  |TAMS 0x0000000696400000, 0x0000000696400000| Untracked 
|  80|0x0000000696800000, 0x0000000696800000, 0x0000000696c00000|  0%| F|  |TAMS 0x0000000696800000, 0x0000000696800000| Untracked 
|  81|0x0000000696c00000, 0x0000000696c00000, 0x0000000697000000|  0%| F|  |TAMS 0x0000000696c00000, 0x0000000696c00000| Untracked 
|  82|0x0000000697000000, 0x0000000697000000, 0x0000000697400000|  0%| F|  |TAMS 0x0000000697000000, 0x0000000697000000| Untracked 
|  83|0x0000000697400000, 0x0000000697400000, 0x0000000697800000|  0%| F|  |TAMS 0x0000000697400000, 0x0000000697400000| Untracked 
|  84|0x0000000697800000, 0x0000000697800000, 0x0000000697c00000|  0%| F|  |TAMS 0x0000000697800000, 0x0000000697800000| Untracked 
|  85|0x0000000697c00000, 0x0000000697c00000, 0x0000000698000000|  0%| F|  |TAMS 0x0000000697c00000, 0x0000000697c00000| Untracked 
|  86|0x0000000698000000, 0x0000000698000000, 0x0000000698400000|  0%| F|  |TAMS 0x0000000698000000, 0x0000000698000000| Untracked 
|  87|0x0000000698400000, 0x0000000698400000, 0x0000000698800000|  0%| F|  |TAMS 0x0000000698400000, 0x0000000698400000| Untracked 
|  88|0x0000000698800000, 0x0000000698800000, 0x0000000698c00000|  0%| F|  |TAMS 0x0000000698800000, 0x0000000698800000| Untracked 
|  89|0x0000000698c00000, 0x0000000698c00000, 0x0000000699000000|  0%| F|  |TAMS 0x0000000698c00000, 0x0000000698c00000| Untracked 
|  90|0x0000000699000000, 0x00000006993c2738, 0x0000000699400000| 93%| E|  |TAMS 0x0000000699000000, 0x0000000699000000| Complete 
|  91|0x0000000699400000, 0x0000000699800000, 0x0000000699800000|100%| E|CS|TAMS 0x0000000699400000, 0x0000000699400000| Complete 
|  92|0x0000000699800000, 0x0000000699904ed8, 0x0000000699c00000| 25%| S|CS|TAMS 0x0000000699800000, 0x0000000699800000| Complete 
|  93|0x0000000699c00000, 0x000000069a000000, 0x000000069a000000|100%| E|CS|TAMS 0x0000000699c00000, 0x0000000699c00000| Complete 
|  94|0x000000069a000000, 0x000000069a400000, 0x000000069a400000|100%| E|CS|TAMS 0x000000069a000000, 0x000000069a000000| Complete 
|  95|0x000000069a400000, 0x000000069a800000, 0x000000069a800000|100%| E|CS|TAMS 0x000000069a400000, 0x000000069a400000| Complete 

Card table byte_map: [0x0000023bfe2e0000,0x0000023bfeed0000] _byte_map_base: 0x0000023bfaecc000

Marking Bits (Prev, Next): (CMBitMap*) 0x0000023bfd5b0dd0, (CMBitMap*) 0x0000023bfd5b0e10
 Prev Bits: [0x0000023b8a7d0000, 0x0000023b90730000)
 Next Bits: [0x0000023b90730000, 0x0000023b96690000)

Polling page: 0x0000023bfb690000

Metaspace:

Usage:
  Non-class:     11.68 MB used.
      Class:      1.77 MB used.
       Both:     13.45 MB used.

Virtual space:
  Non-class space:       64.00 MB reserved,      11.75 MB ( 18%) committed,  1 nodes.
      Class space:        1.00 GB reserved,       1.88 MB ( <1%) committed,  1 nodes.
             Both:        1.06 GB reserved,      13.62 MB (  1%) committed. 

Chunk freelists:
   Non-Class:  4.17 MB
       Class:  14.14 MB
        Both:  18.31 MB

MaxMetaspaceSize: unlimited
CompressedClassSpaceSize: 1.00 GB
Initial GC threshold: 21.00 MB
Current GC threshold: 21.00 MB
CDS: on
MetaspaceReclaimPolicy: balanced
 - commit_granule_bytes: 65536.
 - commit_granule_words: 8192.
 - virtual_space_node_default_size: 8388608.
 - enlarge_chunks_in_place: 1.
 - new_chunks_are_fully_committed: 0.
 - uncommit_free_chunks: 1.
 - use_allocation_guard: 0.
 - handle_deallocations: 1.


Internal statistics:

num_allocs_failed_limit: 0.
num_arena_births: 216.
num_arena_deaths: 0.
num_vsnodes_births: 2.
num_vsnodes_deaths: 0.
num_space_committed: 218.
num_space_uncommitted: 0.
num_chunks_returned_to_freelist: 0.
num_chunks_taken_from_freelist: 593.
num_chunk_merges: 0.
num_chunk_splits: 406.
num_chunks_enlarged: 302.
num_purges: 0.
num_inconsistent_stats: 0.

CodeCache: size=49152Kb used=5863Kb max_used=5863Kb free=43288Kb
 bounds [0x0000023b877d0000, 0x0000023b87d90000, 0x0000023b8a7d0000]
 total_blobs=2502 nmethods=2009 adapters=417
 compilation: enabled
              stopped_count=0, restarted_count=0
 full_count=0

Compilation events (20 events):
Event: 1.250 Thread 0x0000023bde9d9730 nmethod 1999 0x0000023b87d83790 code [0x0000023b87d83920, 0x0000023b87d83a08]
Event: 1.250 Thread 0x0000023bde9d9730 2002       1       java.lang.reflect.AccessibleObject::setAccessible0 (7 bytes)
Event: 1.250 Thread 0x0000023bde9d9730 nmethod 2002 0x0000023b87d83a90 code [0x0000023b87d83c20, 0x0000023b87d83cf8]
Event: 1.250 Thread 0x0000023bde9d9730 2003       1       org.springframework.core.annotation.AnnotationTypeMapping::getDistance (5 bytes)
Event: 1.250 Thread 0x0000023bdea04c30 nmethod 1994 0x0000023b87d83d90 code [0x0000023b87d83fe0, 0x0000023b87d84758]
Event: 1.250 Thread 0x0000023bde0e1a90 nmethod 1998 0x0000023b87d84c10 code [0x0000023b87d84e60, 0x0000023b87d85438]
Event: 1.250 Thread 0x0000023bde9d9730 nmethod 2003 0x0000023b87d85710 code [0x0000023b87d858a0, 0x0000023b87d85978]
Event: 1.251 Thread 0x0000023bde9d9730 2004       1       org.springframework.core.annotation.PackagesAnnotationFilter::matches (42 bytes)
Event: 1.251 Thread 0x0000023bde9d9730 nmethod 2004 0x0000023b87d85a10 code [0x0000023b87d85bc0, 0x0000023b87d85d48]
Event: 1.251 Thread 0x0000023bde9d9730 2005       1       org.springframework.core.annotation.AnnotationFilter::matches (11 bytes)
Event: 1.252 Thread 0x0000023bde9d9730 nmethod 2005 0x0000023b87d85e90 code [0x0000023b87d86040, 0x0000023b87d86178]
Event: 1.252 Thread 0x0000023b98bb8030 nmethod 2001 0x0000023b87d86290 code [0x0000023b87d86720, 0x0000023b87d87ea8]
Event: 1.253 Thread 0x0000023b98bb8030 2006       1       ch.qos.logback.classic.spi.LogbackServiceProvider::getLoggerFactory (5 bytes)
Event: 1.253 Thread 0x0000023b98bb8030 nmethod 2006 0x0000023b87d88a90 code [0x0000023b87d88c20, 0x0000023b87d88cf8]
Event: 1.261 Thread 0x0000023bdea04c30 2008       1       java.lang.CharacterDataLatin1::isJavaIdentifierPart (20 bytes)
Event: 1.261 Thread 0x0000023b98bb8030 2007       1       java.lang.Character::isJavaIdentifierPart (9 bytes)
Event: 1.261 Thread 0x0000023bde0e1a90 2009       1       java.lang.Character::isJavaIdentifierPart (5 bytes)
Event: 1.261 Thread 0x0000023b98bb8030 nmethod 2007 0x0000023b87d88d90 code [0x0000023b87d88f40, 0x0000023b87d89038]
Event: 1.261 Thread 0x0000023bde0e1a90 nmethod 2009 0x0000023b87d89110 code [0x0000023b87d892c0, 0x0000023b87d893b8]
Event: 1.261 Thread 0x0000023bdea04c30 nmethod 2008 0x0000023b87d89490 code [0x0000023b87d89620, 0x0000023b87d89738]

GC Heap History (4 events):
Event: 0.760 GC heap before
{Heap before GC invocations=0 (full 0):
 garbage-first heap   total 393216K, used 20480K [0x0000000682800000, 0x0000000800000000)
  region size 4096K, 5 young (20480K), 0 survivors (0K)
 Metaspace       used 6676K, committed 6784K, reserved 1114112K
  class space    used 848K, committed 896K, reserved 1048576K
}
Event: 0.763 GC heap after
{Heap after GC invocations=1 (full 0):
 garbage-first heap   total 393216K, used 6868K [0x0000000682800000, 0x0000000800000000)
  region size 4096K, 1 young (4096K), 1 survivors (4096K)
 Metaspace       used 6676K, committed 6784K, reserved 1114112K
  class space    used 848K, committed 896K, reserved 1048576K
}
Event: 1.052 GC heap before
{Heap before GC invocations=1 (full 0):
 garbage-first heap   total 393216K, used 19156K [0x0000000682800000, 0x0000000800000000)
  region size 4096K, 4 young (16384K), 1 survivors (4096K)
 Metaspace       used 9143K, committed 9408K, reserved 1114112K
  class space    used 1228K, committed 1344K, reserved 1048576K
}
Event: 1.055 GC heap after
{Heap after GC invocations=2 (full 0):
 garbage-first heap   total 393216K, used 7920K [0x0000000682800000, 0x0000000800000000)
  region size 4096K, 1 young (4096K), 1 survivors (4096K)
 Metaspace       used 9143K, committed 9408K, reserved 1114112K
  class space    used 1228K, committed 1344K, reserved 1048576K
}

Deoptimization events (2 events):
Event: 1.233 Thread 0x0000023bfd527c90 DEOPT PACKING pc=0x0000023b87d52df9 sp=0x00000043a09fd560
Event: 1.233 Thread 0x0000023bfd527c90 DEOPT UNPACKING pc=0x0000023b87822b43 sp=0x00000043a09fca40 mode 3

Classes unloaded (0 events):
No events

Classes redefined (0 events):
No events

Internal exceptions (20 events):
Event: 0.948 Thread 0x0000023bfd527c90 Exception <a 'java/lang/NoSuchMethodError'{0x0000000699c49648}: 'java.lang.Object java.lang.invoke.DirectMethodHandle$Holder.invokeSpecial(java.lang.Object, java.lang.Object, java.lang.Object, java.lang.Object, java.lang.Object, java.lang.Object, java.lang.Object, int)'> (0x0000000699c49648) 
thrown [s\open\src\hotspot\share\interpreter\linkResolver.cpp, line 759]
Event: 0.991 Thread 0x0000023bfd527c90 Exception <a 'java/lang/NoSuchMethodError'{0x0000000699dea1a8}: 'int java.lang.invoke.DirectMethodHandle$Holder.invokeVirtual(java.lang.Object, java.lang.Object)'> (0x0000000699dea1a8) 
thrown [s\open\src\hotspot\share\interpreter\linkResolver.cpp, line 759]
Event: 1.010 Thread 0x0000023bfd527c90 Exception <a 'java/lang/NoSuchMethodError'{0x0000000699eac720}: 'java.lang.Object java.lang.invoke.DirectMethodHandle$Holder.invokeSpecial(java.lang.Object, java.lang.Object, java.lang.Object, int, java.lang.Object)'> (0x0000000699eac720) 
thrown [s\open\src\hotspot\share\interpreter\linkResolver.cpp, line 759]
Event: 1.011 Thread 0x0000023bfd527c90 Exception <a 'java/lang/NoSuchMethodError'{0x0000000699eb4d80}: 'java.lang.Object java.lang.invoke.DirectMethodHandle$Holder.newInvokeSpecial(java.lang.Object, java.lang.Object, java.lang.Object, int, java.lang.Object)'> (0x0000000699eb4d80) 
thrown [s\open\src\hotspot\share\interpreter\linkResolver.cpp, line 759]
Event: 1.011 Thread 0x0000023bfd527c90 Exception <a 'java/lang/NoSuchMethodError'{0x0000000699ebc750}: 'java.lang.Object java.lang.invoke.Invokers$Holder.linkToTargetMethod(java.lang.Object, java.lang.Object, int, java.lang.Object, java.lang.Object)'> (0x0000000699ebc750) 
thrown [s\open\src\hotspot\share\interpreter\linkResolver.cpp, line 759]
Event: 1.012 Thread 0x0000023bfd527c90 Exception <a 'java/lang/NoSuchMethodError'{0x0000000699ecb9c0}: 'java.lang.Object java.lang.invoke.DirectMethodHandle$Holder.newInvokeSpecial(java.lang.Object, int, java.lang.Object)'> (0x0000000699ecb9c0) 
thrown [s\open\src\hotspot\share\interpreter\linkResolver.cpp, line 759]
Event: 1.013 Thread 0x0000023bfd527c90 Exception <a 'java/lang/NoSuchMethodError'{0x0000000699ed0438}: 'int java.lang.invoke.DirectMethodHandle$Holder.invokeSpecialIFC(java.lang.Object, java.lang.Object, java.lang.Object, java.lang.Object)'> (0x0000000699ed0438) 
thrown [s\open\src\hotspot\share\interpreter\linkResolver.cpp, line 759]
Event: 1.041 Thread 0x0000023bfd527c90 Exception <a 'java/lang/NoSuchMethodError'{0x0000000699fac748}: 'void java.lang.invoke.DirectMethodHandle$Holder.invokeInterface(java.lang.Object, java.lang.Object, java.lang.Object)'> (0x0000000699fac748) 
thrown [s\open\src\hotspot\share\interpreter\linkResolver.cpp, line 759]
Event: 1.059 Thread 0x0000023bfd527c90 Exception <a 'java/lang/NoSuchMethodError'{0x000000069a428c18}: 'java.lang.Object java.lang.invoke.DirectMethodHandle$Holder.invokeVirtual(java.lang.Object, java.lang.Object, java.lang.Object)'> (0x000000069a428c18) 
thrown [s\open\src\hotspot\share\interpreter\linkResolver.cpp, line 759]
Event: 1.075 Thread 0x0000023bfd527c90 Exception <a 'java/lang/NoSuchMethodError'{0x000000069a542e20}: 'void java.lang.invoke.DirectMethodHandle$Holder.invokeStatic(java.lang.Object, java.lang.Object, int)'> (0x000000069a542e20) 
thrown [s\open\src\hotspot\share\interpreter\linkResolver.cpp, line 759]
Event: 1.076 Thread 0x0000023bfd527c90 Exception <a 'java/lang/NoSuchMethodError'{0x000000069a54b118}: 'void java.lang.invoke.DirectMethodHandle$Holder.invokeStaticInit(java.lang.Object, java.lang.Object)'> (0x000000069a54b118) 
thrown [s\open\src\hotspot\share\interpreter\linkResolver.cpp, line 759]
Event: 1.078 Thread 0x0000023bfd527c90 Exception <a 'java/lang/NoSuchMethodError'{0x000000069a55ae08}: 'void java.lang.invoke.DirectMethodHandle$Holder.invokeStaticInit(java.lang.Object, java.lang.Object, java.lang.Object)'> (0x000000069a55ae08) 
thrown [s\open\src\hotspot\share\interpreter\linkResolver.cpp, line 759]
Event: 1.082 Thread 0x0000023bfd527c90 Exception <a 'java/lang/NoSuchMethodError'{0x000000069a5970e8}: 'java.lang.Object java.lang.invoke.DirectMethodHandle$Holder.invokeStatic(java.lang.Object, java.lang.Object, long, java.lang.Object)'> (0x000000069a5970e8) 
thrown [s\open\src\hotspot\share\interpreter\linkResolver.cpp, line 759]
Event: 1.082 Thread 0x0000023bfd527c90 Exception <a 'java/lang/NoSuchMethodError'{0x000000069a59ab80}: 'java.lang.Object java.lang.invoke.DirectMethodHandle$Holder.invokeStaticInit(java.lang.Object, java.lang.Object, long, java.lang.Object)'> (0x000000069a59ab80) 
thrown [s\open\src\hotspot\share\interpreter\linkResolver.cpp, line 759]
Event: 1.082 Thread 0x0000023bfd527c90 Exception <a 'java/lang/NoSuchMethodError'{0x000000069a5a1328}: 'java.lang.Object java.lang.invoke.DirectMethodHandle$Holder.newInvokeSpecial(java.lang.Object, java.lang.Object, long)'> (0x000000069a5a1328) 
thrown [s\open\src\hotspot\share\interpreter\linkResolver.cpp, line 759]
Event: 1.083 Thread 0x0000023bfd527c90 Exception <a 'java/lang/NoSuchMethodError'{0x000000069a5a4e98}: 'java.lang.Object java.lang.invoke.Invokers$Holder.linkToTargetMethod(java.lang.Object, long, java.lang.Object)'> (0x000000069a5a4e98) 
thrown [s\open\src\hotspot\share\interpreter\linkResolver.cpp, line 759]
Event: 1.092 Thread 0x0000023bfd527c90 Exception <a 'java/lang/NoSuchMethodError'{0x000000069a5fbe58}: 'void java.lang.invoke.DirectMethodHandle$Holder.invokeVirtual(java.lang.Object, java.lang.Object, java.lang.Object, java.lang.Object)'> (0x000000069a5fbe58) 
thrown [s\open\src\hotspot\share\interpreter\linkResolver.cpp, line 759]
Event: 1.118 Thread 0x0000023bfd527c90 Exception <a 'java/lang/NoSuchMethodError'{0x000000069a7cd258}: 'void java.lang.invoke.DirectMethodHandle$Holder.invokeSpecial(java.lang.Object, java.lang.Object, java.lang.Object)'> (0x000000069a7cd258) 
thrown [s\open\src\hotspot\share\interpreter\linkResolver.cpp, line 759]
Event: 1.119 Thread 0x0000023bfd527c90 Exception <a 'java/lang/NoSuchMethodError'{0x000000069a7d3830}: 'void java.lang.invoke.DirectMethodHandle$Holder.invokeSpecial(java.lang.Object, java.lang.Object, java.lang.Object, java.lang.Object, java.lang.Object)'> (0x000000069a7d3830) 
thrown [s\open\src\hotspot\share\interpreter\linkResolver.cpp, line 759]
Event: 1.124 Thread 0x0000023bfd527c90 Exception <a 'java/lang/IncompatibleClassChangeError'{0x000000069a030b68}: Found class java.lang.Object, but interface was expected> (0x000000069a030b68) 
thrown [s\open\src\hotspot\share\interpreter\linkResolver.cpp, line 826]

VM Operations (20 events):
Event: 0.269 Executing VM operation: HandshakeAllThreads
Event: 0.269 Executing VM operation: HandshakeAllThreads done
Event: 0.383 Executing VM operation: HandshakeAllThreads
Event: 0.383 Executing VM operation: HandshakeAllThreads done
Event: 0.520 Executing VM operation: HandshakeAllThreads
Event: 0.520 Executing VM operation: HandshakeAllThreads done
Event: 0.527 Executing VM operation: HandshakeAllThreads
Event: 0.527 Executing VM operation: HandshakeAllThreads done
Event: 0.760 Executing VM operation: G1CollectForAllocation
Event: 0.763 Executing VM operation: G1CollectForAllocation done
Event: 0.818 Executing VM operation: HandshakeAllThreads
Event: 0.818 Executing VM operation: HandshakeAllThreads done
Event: 0.988 Executing VM operation: HandshakeAllThreads
Event: 0.988 Executing VM operation: HandshakeAllThreads done
Event: 1.052 Executing VM operation: G1CollectForAllocation
Event: 1.055 Executing VM operation: G1CollectForAllocation done
Event: 1.114 Executing VM operation: HandshakeAllThreads
Event: 1.114 Executing VM operation: HandshakeAllThreads done
Event: 1.117 Executing VM operation: HandshakeAllThreads
Event: 1.117 Executing VM operation: HandshakeAllThreads done

Events (20 events):
Event: 1.218 loading class java/util/concurrent/ConcurrentLinkedQueue
Event: 1.218 loading class java/util/concurrent/ConcurrentLinkedQueue done
Event: 1.219 loading class java/util/concurrent/ConcurrentLinkedQueue$Node
Event: 1.219 loading class java/util/concurrent/ConcurrentLinkedQueue$Node done
Event: 1.220 loading class java/util/concurrent/atomic/AtomicLongArray
Event: 1.220 loading class java/util/concurrent/atomic/AtomicLongArray done
Event: 1.220 loading class java/lang/invoke/VarHandleLongs$Array
Event: 1.221 loading class java/lang/invoke/VarHandleLongs$Array done
Event: 1.221 loading class java/util/concurrent/atomic/AtomicReferenceArray
Event: 1.221 loading class java/util/concurrent/atomic/AtomicReferenceArray done
Event: 1.228 loading class jdk/internal/module/ModulePatcher$PatchedModuleReader
Event: 1.228 loading class jdk/internal/module/ModulePatcher$PatchedModuleReader done
Event: 1.228 loading class java/lang/annotation/Repeatable
Event: 1.228 loading class java/lang/annotation/Repeatable done
Event: 1.242 loading class sun/text/resources/cldr/FormatData_en
Event: 1.242 loading class sun/text/resources/cldr/FormatData_en done
Event: 1.242 loading class sun/text/resources/cldr/FormatData_en_US
Event: 1.242 loading class sun/text/resources/cldr/FormatData_en_US done
Event: 1.252 loading class java/io/CharArrayReader
Event: 1.252 loading class java/io/CharArrayReader done


Dynamic libraries:
0x00007ff655e90000 - 0x00007ff655ea0000 	C:\Program Files\Java\jdk-17\bin\java.exe
0x00007ff886650000 - 0x00007ff886867000 	C:\WINDOWS\SYSTEM32\ntdll.dll
0x00007ff885c60000 - 0x00007ff885d24000 	C:\WINDOWS\System32\KERNEL32.DLL
0x00007ff883db0000 - 0x00007ff884156000 	C:\WINDOWS\System32\KERNELBASE.dll
0x00007ff883b20000 - 0x00007ff883c31000 	C:\WINDOWS\System32\ucrtbase.dll
0x00007ff86df20000 - 0x00007ff86df39000 	C:\Program Files\Java\jdk-17\bin\jli.dll
0x00007ff86e0a0000 - 0x00007ff86e0bb000 	C:\Program Files\Java\jdk-17\bin\VCRUNTIME140.dll
0x00007ff885010000 - 0x00007ff8850c3000 	C:\WINDOWS\System32\ADVAPI32.dll
0x00007ff8843a0000 - 0x00007ff884447000 	C:\WINDOWS\System32\msvcrt.dll
0x00007ff884bd0000 - 0x00007ff884c78000 	C:\WINDOWS\System32\sechost.dll
0x00007ff884370000 - 0x00007ff884398000 	C:\WINDOWS\System32\bcrypt.dll
0x00007ff8860b0000 - 0x00007ff8861c7000 	C:\WINDOWS\System32\RPCRT4.dll
0x00007ff8849f0000 - 0x00007ff884b9e000 	C:\WINDOWS\System32\USER32.dll
0x00007ff876d30000 - 0x00007ff876fc3000 	C:\WINDOWS\WinSxS\amd64_microsoft.windows.common-controls_6595b64144ccf1df_6.0.22621.2506_none_270c5ae97388e100\COMCTL32.dll
0x00007ff884340000 - 0x00007ff884366000 	C:\WINDOWS\System32\win32u.dll
0x00007ff884ba0000 - 0x00007ff884bc9000 	C:\WINDOWS\System32\GDI32.dll
0x00007ff884160000 - 0x00007ff884278000 	C:\WINDOWS\System32\gdi32full.dll
0x00007ff883a10000 - 0x00007ff883aaa000 	C:\WINDOWS\System32\msvcp_win.dll
0x00007ff87e6f0000 - 0x00007ff87e6fa000 	C:\WINDOWS\SYSTEM32\VERSION.dll
0x00007ff8849b0000 - 0x00007ff8849e1000 	C:\WINDOWS\System32\IMM32.DLL
0x00007ff8732f0000 - 0x00007ff8732fc000 	C:\Program Files\Java\jdk-17\bin\vcruntime140_1.dll
0x00007ff853510000 - 0x00007ff85359e000 	C:\Program Files\Java\jdk-17\bin\msvcp140.dll
0x00007ff82cc40000 - 0x00007ff82d81e000 	C:\Program Files\Java\jdk-17\bin\server\jvm.dll
0x00007ff886500000 - 0x00007ff886508000 	C:\WINDOWS\System32\PSAPI.DLL
0x00007ff873be0000 - 0x00007ff873be9000 	C:\WINDOWS\SYSTEM32\WSOCK32.dll
0x00007ff87d9f0000 - 0x00007ff87da24000 	C:\WINDOWS\SYSTEM32\WINMM.dll
0x00007ff886590000 - 0x00007ff886601000 	C:\WINDOWS\System32\WS2_32.dll
0x00007ff882ac0000 - 0x00007ff882ad8000 	C:\WINDOWS\SYSTEM32\kernel.appcore.dll
0x00007ff871690000 - 0x00007ff87169a000 	C:\Program Files\Java\jdk-17\bin\jimage.dll
0x00007ff8812e0000 - 0x00007ff881513000 	C:\WINDOWS\SYSTEM32\DBGHELP.DLL
0x00007ff884c80000 - 0x00007ff885009000 	C:\WINDOWS\System32\combase.dll
0x00007ff885fd0000 - 0x00007ff8860a7000 	C:\WINDOWS\System32\OLEAUT32.dll
0x00007ff87cab0000 - 0x00007ff87cae2000 	C:\WINDOWS\SYSTEM32\dbgcore.DLL
0x00007ff883990000 - 0x00007ff883a0a000 	C:\WINDOWS\System32\bcryptPrimitives.dll
0x00007ff871670000 - 0x00007ff87167e000 	C:\Program Files\Java\jdk-17\bin\instrument.dll
0x00007ff86dd80000 - 0x00007ff86dda5000 	C:\Program Files\Java\jdk-17\bin\java.dll
0x00007ff838690000 - 0x00007ff838767000 	C:\Program Files\Java\jdk-17\bin\jsvml.dll
0x00007ff8853f0000 - 0x00007ff885c4b000 	C:\WINDOWS\System32\SHELL32.dll
0x00007ff881900000 - 0x00007ff8821f6000 	C:\WINDOWS\SYSTEM32\windows.storage.dll
0x00007ff8817c0000 - 0x00007ff8818fe000 	C:\WINDOWS\SYSTEM32\wintypes.dll
0x00007ff886250000 - 0x00007ff886343000 	C:\WINDOWS\System32\SHCORE.dll
0x00007ff8861d0000 - 0x00007ff88622e000 	C:\WINDOWS\System32\shlwapi.dll
0x00007ff8838c0000 - 0x00007ff8838e6000 	C:\WINDOWS\SYSTEM32\profapi.dll
0x00007ff869380000 - 0x00007ff869398000 	C:\Program Files\Java\jdk-17\bin\zip.dll
0x00007ff869470000 - 0x00007ff869489000 	C:\Program Files\Java\jdk-17\bin\net.dll
0x00007ff87de90000 - 0x00007ff87dfc7000 	C:\WINDOWS\SYSTEM32\WINHTTP.dll
0x00007ff882f40000 - 0x00007ff882fa9000 	C:\WINDOWS\system32\mswsock.dll
0x00007ff8693f0000 - 0x00007ff869406000 	C:\Program Files\Java\jdk-17\bin\nio.dll
0x00007ff86e080000 - 0x00007ff86e09a000 	C:\Program Files\JetBrains\IntelliJ IDEA 2023.2.2\bin\breakgen64.dll
0x00007ff882540000 - 0x00007ff882639000 	C:\WINDOWS\SYSTEM32\DNSAPI.dll
0x00007ff8824d0000 - 0x00007ff8824fd000 	C:\WINDOWS\SYSTEM32\IPHLPAPI.DLL
0x00007ff885fc0000 - 0x00007ff885fc9000 	C:\WINDOWS\System32\NSI.dll
0x00007ff879060000 - 0x00007ff87906a000 	C:\Windows\System32\rasadhlp.dll
0x00007ff87d6e0000 - 0x00007ff87d763000 	C:\WINDOWS\System32\fwpuclnt.dll
0x00007ff871660000 - 0x00007ff87166a000 	C:\Program Files\Java\jdk-17\bin\management.dll
0x00007ff8709e0000 - 0x00007ff8709eb000 	C:\Program Files\Java\jdk-17\bin\management_ext.dll
0x00007ff883190000 - 0x00007ff8831ab000 	C:\WINDOWS\SYSTEM32\CRYPTSP.dll
0x00007ff882a20000 - 0x00007ff882a55000 	C:\WINDOWS\system32\rsaenh.dll
0x00007ff883030000 - 0x00007ff88305c000 	C:\WINDOWS\SYSTEM32\USERENV.dll
0x00007ff8831b0000 - 0x00007ff8831bc000 	C:\WINDOWS\SYSTEM32\CRYPTBASE.dll
0x00007ff87dd90000 - 0x00007ff87dda9000 	C:\WINDOWS\SYSTEM32\dhcpcsvc6.DLL
0x00007ff87dd70000 - 0x00007ff87dd8f000 	C:\WINDOWS\SYSTEM32\dhcpcsvc.DLL
0x00007ff8725f0000 - 0x00007ff872607000 	C:\WINDOWS\system32\napinsp.dll
0x00007ff8725d0000 - 0x00007ff8725eb000 	C:\WINDOWS\system32\pnrpnsp.dll
0x00007ff8725b0000 - 0x00007ff8725c1000 	C:\WINDOWS\System32\winrnr.dll
0x00007ff872590000 - 0x00007ff8725a5000 	C:\WINDOWS\system32\wshbth.dll
0x00007ff870350000 - 0x00007ff870371000 	C:\WINDOWS\system32\nlansp_c.dll

dbghelp: loaded successfully - version: 4.0.5 - missing functions: none
symbol engine: initialized successfully - sym options: 0x614 - pdb path: .;C:\Program Files\Java\jdk-17\bin;C:\WINDOWS\SYSTEM32;C:\WINDOWS\WinSxS\amd64_microsoft.windows.common-controls_6595b64144ccf1df_6.0.22621.2506_none_270c5ae97388e100;C:\Program Files\Java\jdk-17\bin\server;C:\Program Files\JetBrains\IntelliJ IDEA 2023.2.2\bin

VM Arguments:
jvm_args: -XX:TieredStopAtLevel=1 -Dspring.output.ansi.enabled=always -Dcom.sun.management.jmxremote -Dspring.jmx.enabled=true -Dspring.liveBeansView.mbeanDomain -Dspring.application.admin.enabled=true -Dmanagement.endpoints.jmx.exposure.include=* -javaagent:C:\Program Files\JetBrains\IntelliJ IDEA 2023.2.2\lib\idea_rt.jar=54382:C:\Program Files\JetBrains\IntelliJ IDEA 2023.2.2\bin -Dfile.encoding=UTF-8 
java_command: com.example.pi_dev_4eme__poker_planning.PiDev4emePokerPlanningApplication
java_class_path (initial): C:\Users\trabe\OneDrive\Bureau\projet poker du planning\target\classes;C:\Users\trabe\.m2\repository\org\springframework\boot\spring-boot-starter-data-jpa\3.1.8\spring-boot-starter-data-jpa-3.1.8.jar;C:\Users\trabe\.m2\repository\org\springframework\boot\spring-boot-starter-aop\3.1.8\spring-boot-starter-aop-3.1.8.jar;C:\Users\trabe\.m2\repository\org\springframework\spring-aop\6.0.16\spring-aop-6.0.16.jar;C:\Users\trabe\.m2\repository\org\aspectj\aspectjweaver\1.9.21\aspectjweaver-1.9.21.jar;C:\Users\trabe\.m2\repository\org\springframework\boot\spring-boot-starter-jdbc\3.1.8\spring-boot-starter-jdbc-3.1.8.jar;C:\Users\trabe\.m2\repository\com\zaxxer\HikariCP\5.0.1\HikariCP-5.0.1.jar;C:\Users\trabe\.m2\repository\org\springframework\spring-jdbc\6.0.16\spring-jdbc-6.0.16.jar;C:\Users\trabe\.m2\repository\org\hibernate\orm\hibernate-core\6.2.20.Final\hibernate-core-6.2.20.Final.jar;C:\Users\trabe\.m2\repository\jakarta\persistence\jakarta.persistence-api\3.1.0\jakarta.persistence-api-3.1.0.jar;C:\Users\trabe\.m2\repository\jakarta\transaction\jakarta.transaction-api\2.0.1\jakarta.transaction-api-2.0.1.jar;C:\Users\trabe\.m2\repository\org\jboss\logging\jboss-logging\3.5.3.Final\jboss-logging-3.5.3.Final.jar;C:\Users\trabe\.m2\repository\org\hibernate\common\hibernate-commons-annotations\6.0.6.Final\hibernate-commons-annotations-6.0.6.Final.jar;C:\Users\trabe\.m2\repository\io\smallrye\jandex\3.0.5\jandex-3.0.5.jar;C:\Users\trabe\.m2\repository\com\fasterxml\classmate\1.5.1\classmate-1.5.1.jar;C:\Users\trabe\.m2\repository\net\bytebuddy\byte-buddy\1.14.11\byte-buddy-1.14.11.jar;C:\Users\trabe\.m2\repository\org\glassfish\jaxb\jaxb-runtime\4.0.4\jaxb-runtime-4.0.4.jar;C:\Users\trabe\.m2\repository\org\glassfish\jaxb\jaxb-core\4.0.4\jaxb-core-4.0.4.jar;C:\Users\trabe\.m2\repository\org\eclipse\angus\angus-activation\2.0.1\angus-activation-2.0.1.jar;C:\Users\trabe\.m2\repository\org\glassfish\jaxb\txw2\4.0.4\txw2-4.0.4.jar;C:\Users\trabe\.m2\r
Launcher Type: SUN_STANDARD

[Global flags]
     intx CICompilerCount                          = 4                                         {product} {ergonomic}
     uint ConcGCThreads                            = 2                                         {product} {ergonomic}
     uint G1ConcRefinementThreads                  = 8                                         {product} {ergonomic}
   size_t G1HeapRegionSize                         = 4194304                                   {product} {ergonomic}
    uintx GCDrainStackTargetSize                   = 64                                        {product} {ergonomic}
   size_t InitialHeapSize                          = 402653184                                 {product} {ergonomic}
     bool ManagementServer                         = true                                      {product} {command line}
   size_t MarkStackSize                            = 4194304                                   {product} {ergonomic}
   size_t MaxHeapSize                              = 6400507904                                {product} {ergonomic}
   size_t MaxNewSize                               = 3837788160                                {product} {ergonomic}
   size_t MinHeapDeltaBytes                        = 4194304                                   {product} {ergonomic}
   size_t MinHeapSize                              = 8388608                                   {product} {ergonomic}
    uintx NonProfiledCodeHeapSize                  = 0                                      {pd product} {ergonomic}
     bool ProfileInterpreter                       = false                                  {pd product} {command line}
    uintx ProfiledCodeHeapSize                     = 0                                      {pd product} {ergonomic}
   size_t SoftMaxHeapSize                          = 6400507904                             {manageable} {ergonomic}
     intx TieredStopAtLevel                        = 1                                         {product} {command line}
     bool UseCompressedClassPointers               = true                           {product lp64_product} {ergonomic}
     bool UseCompressedOops                        = true                           {product lp64_product} {ergonomic}
     bool UseG1GC                                  = true                                      {product} {ergonomic}
     bool UseLargePagesIndividualAllocation        = false                                  {pd product} {ergonomic}

Logging:
Log output configuration:
 #0: stdout all=warning uptime,level,tags
 #1: stderr all=off uptime,level,tags

Environment Variables:
PATH=C:\Program Files\Common Files\Oracle\Java\javapath;C:\oraclexe\app\oracle\product\11.2.0\server\bin;;C:\Windows\system32;C:\Windows;C:\Windows\System32\Wbem;C:\Windows\System32\WindowsPowerShell\v1.0\;C:\Windows\System32\OpenSSH\;C:\Program Files (x86)\NVIDIA Corporation\PhysX\Common;C:\Program Files\NVIDIA Corporation\NVIDIA NvDLISR;C:\Program Files\Java\jdk1.8.0_301\bin;C:\WINDOWS\system32;C:\WINDOWS;C:\WINDOWS\System32\Wbem;C:\WINDOWS\System32\WindowsPowerShell\v1.0\;C:\WINDOWS\System32\OpenSSH\;C:\xampp\mysql;C:\xampp\php;C:\Program Files\Git\cmd;C:\ProgramData\ComposerSetup\bin;C:\Program Files\Microsoft SQL Server\150\Tools\Binn\;C:\Program Files\Microsoft SQL Server\Client SDK\ODBC\170\Tools\Binn\;C:\Program Files\dotnet\;C:\Program Files (x86)\Microsoft SQL Server\110\DTS\Binn\;C:\Program Files (x86)\Microsoft SQL Server\110\Tools\Binn\;C:\Program Files (x86)\Microsoft SQL Server\110\Tools\Binn\ManagementStudio\;C:\Program Files (x86)\Microsoft Visual Studio 10.0\Common7\IDE\PrivateAssemblies\;C:\Program Files\nodejs\;C:\Users\trabe\scoop\shims;C:\Users\trabe\AppData\Local\Microsoft\WindowsApps;C:\Program Files\Java\jdk1.8.0_301\bin;C:\Users\trabe\AppData\Local\GitHubDesktop\bin;C:\xampp\php;C:\Users\trabe\AppData\Roaming\Composer\vendor\bin;C:\Users\trabe\.dotnet\tools;C:\Users\trabe\AppData\Local\Programs\Microsoft VS Code\bin;C:\Users\trabe\AppData\Roaming\npm
USERNAME=trabelsi
OS=Windows_NT
PROCESSOR_IDENTIFIER=Intel64 Family 6 Model 165 Stepping 2, GenuineIntel



---------------  S Y S T E M  ---------------

OS:
 Windows 11 , 64 bit Build 22621 (10.0.22621.3085)
OS uptime: 0 days 18:46 hours

CPU: total 8 (initial active 8) (4 cores per cpu, 2 threads per core) family 6 model 165 stepping 2 microcode 0xe0, cx8, cmov, fxsr, ht, mmx, 3dnowpref, sse, sse2, sse3, ssse3, sse4.1, sse4.2, popcnt, lzcnt, tsc, tscinvbit, avx, avx2, aes, erms, clmul, bmi1, bmi2, adx, fma, vzeroupper, clflush, clflushopt

Memory: 4k page, system-wide physical 24413M (6816M free)
TotalPageFile size 82455M (AvailPageFile size 0M)
current process WorkingSet (physical memory assigned to process): 93M, peak: 93M
current process commit charge ("private bytes"): 500M, peak: 500M

vm_info: Java HotSpot(TM) 64-Bit Server VM (17.0.8+9-LTS-211) for windows-amd64 JRE (17.0.8+9-LTS-211), built on Jun 14 2023 10:34:31 by "mach5one" with MS VC++ 17.1 (VS2022)

END.
