#
# There is insufficient memory for the Java Runtime Environment to continue.
# Native memory allocation (mmap) failed to map 402653184 bytes for G1 virtual space
# Possible reasons:
#   The system is out of physical RAM or swap space
#   The process is running with CompressedOops enabled, and the Java Heap may be blocking the growth of the native heap
# Possible solutions:
#   Reduce memory load on the system
#   Increase physical memory or swap space
#   Check if swap backing store is full
#   Decrease Java heap size (-Xmx/-Xms)
#   Decrease number of Java threads
#   Decrease Java thread stack sizes (-Xss)
#   Set larger code cache with -XX:ReservedCodeCacheSize=
#   JVM is running with Zero Based Compressed Oops mode in which the Java heap is
#     placed in the first 32GB address space. The Java Heap base address is the
#     maximum limit for the native heap growth. Please use -XX:HeapBaseMinAddress
#     to set the Java Heap base and to place the Java Heap above 32GB virtual address.
# This output file may be truncated or incomplete.
#
#  Out of Memory Error (os_windows.cpp:3550), pid=13196, tid=10452
#
# JRE version:  (17.0.8+9) (build )
# Java VM: Java HotSpot(TM) 64-Bit Server VM (17.0.8+9-LTS-211, mixed mode, emulated-client, sharing, tiered, compressed oops, compressed class ptrs, g1 gc, windows-amd64)
# No core dump will be written. Minidumps are not enabled by default on client versions of Windows
#

---------------  S U M M A R Y ------------

Command Line: -XX:TieredStopAtLevel=1 -Dspring.output.ansi.enabled=always -Dcom.sun.management.jmxremote -Dspring.jmx.enabled=true -Dspring.liveBeansView.mbeanDomain -Dspring.application.admin.enabled=true -Dmanagement.endpoints.jmx.exposure.include=* -javaagent:C:\Program Files\JetBrains\IntelliJ IDEA 2023.2.2\lib\idea_rt.jar=55852:C:\Program Files\JetBrains\IntelliJ IDEA 2023.2.2\bin -Dfile.encoding=UTF-8 com.example.pi_dev_4eme__poker_planning.PiDev4emePokerPlanningApplication

Host: Intel(R) Core(TM) i5-10300H CPU @ 2.50GHz, 8 cores, 23G,  Windows 11 , 64 bit Build 22621 (10.0.22621.3085)
Time: Sun Feb 25 21:23:13 2024 Afr. centrale Ouest elapsed time: 0.018511 seconds (0d 0h 0m 0s)

---------------  T H R E A D  ---------------

Current thread (0x000001c6b4a81f90):  JavaThread "Unknown thread" [_thread_in_vm, id=10452, stack(0x0000000e7ae00000,0x0000000e7af00000)]

Stack: [0x0000000e7ae00000,0x0000000e7af00000]
Native frames: (J=compiled Java code, j=interpreted, Vv=VM code, C=native code)
V  [jvm.dll+0x677d0a]
V  [jvm.dll+0x7d8c54]
V  [jvm.dll+0x7da3fe]
V  [jvm.dll+0x7daa63]
V  [jvm.dll+0x245c5f]
V  [jvm.dll+0x674bb9]
V  [jvm.dll+0x6694f2]
V  [jvm.dll+0x3031d6]
V  [jvm.dll+0x30a756]
V  [jvm.dll+0x359f9e]
V  [jvm.dll+0x35a1cf]
V  [jvm.dll+0x2da3e8]
V  [jvm.dll+0x2db354]
V  [jvm.dll+0x7aa711]
V  [jvm.dll+0x367b51]
V  [jvm.dll+0x789979]
V  [jvm.dll+0x3eb05f]
V  [jvm.dll+0x3ecae1]
C  [jli.dll+0x5297]
C  [ucrtbase.dll+0x29363]
C  [KERNEL32.DLL+0x1257d]
C  [ntdll.dll+0x5aa58]


---------------  P R O C E S S  ---------------

Threads class SMR info:
_java_thread_list=0x00007ffe771c59d8, length=0, elements={
}

Java Threads: ( => current thread )

Other Threads:
  0x000001c6b4b0a470 GCTaskThread "GC Thread#0" [stack: 0x0000000e7af00000,0x0000000e7b000000] [id=20384]
  0x000001c6b4b17170 ConcurrentGCThread "G1 Main Marker" [stack: 0x0000000e7b000000,0x0000000e7b100000] [id=14200]
  0x000001c6b4b18a90 ConcurrentGCThread "G1 Conc#0" [stack: 0x0000000e7b100000,0x0000000e7b200000] [id=12868]

[error occurred during error reporting (printing all threads), id 0xc0000005, EXCEPTION_ACCESS_VIOLATION (0xc0000005) at pc=0x00007ffe769fb047]

VM state: not at safepoint (not fully initialized)

VM Mutex/Monitor currently owned by a thread:  ([mutex/lock_event])
[0x000001c6b4a7d1a0] Heap_lock - owner thread: 0x000001c6b4a81f90

Heap address: 0x0000000682800000, size: 6104 MB, Compressed Oops mode: Zero based, Oop shift amount: 3

CDS archive(s) mapped at: [0x0000000000000000-0x0000000000000000-0x0000000000000000), size 0, SharedBaseAddress: 0x0000000800000000, ArchiveRelocationMode: 1.
Narrow klass base: 0x0000000000000000, Narrow klass shift: 0, Narrow klass range: 0x0

GC Precious Log:
<Empty>

Heap:
 garbage-first heap   total 0K, used 0K [0x0000000682800000, 0x0000000800000000)
  region size 4096K, 0 young (0K), 0 survivors (0K)

[error occurred during error reporting (printing heap information), id 0xc0000005, EXCEPTION_ACCESS_VIOLATION (0xc0000005) at pc=0x00007ffe76de1499]

GC Heap History (0 events):
No events

Deoptimization events (0 events):
No events

Classes unloaded (0 events):
No events

Classes redefined (0 events):
No events

Internal exceptions (0 events):
No events

VM Operations (0 events):
No events

Events (1 events):
Event: 0.013 Loaded shared library C:\Program Files\Java\jdk-17\bin\java.dll


Dynamic libraries:
0x00007ff6d0c60000 - 0x00007ff6d0c70000 	C:\Program Files\Java\jdk-17\bin\java.exe
0x00007ffefc4d0000 - 0x00007ffefc6e7000 	C:\WINDOWS\SYSTEM32\ntdll.dll
0x00007ffefb380000 - 0x00007ffefb444000 	C:\WINDOWS\System32\KERNEL32.DLL
0x00007ffef9b20000 - 0x00007ffef9ec6000 	C:\WINDOWS\System32\KERNELBASE.dll
0x00007ffefa040000 - 0x00007ffefa151000 	C:\WINDOWS\System32\ucrtbase.dll
0x00007ffee50f0000 - 0x00007ffee5109000 	C:\Program Files\Java\jdk-17\bin\jli.dll
0x00007ffee0da0000 - 0x00007ffee0dbb000 	C:\Program Files\Java\jdk-17\bin\VCRUNTIME140.dll
0x00007ffefac20000 - 0x00007ffefacd3000 	C:\WINDOWS\System32\ADVAPI32.dll
0x00007ffefb130000 - 0x00007ffefb1d7000 	C:\WINDOWS\System32\msvcrt.dll
0x00007ffeface0000 - 0x00007ffefad88000 	C:\WINDOWS\System32\sechost.dll
0x00007ffef9ed0000 - 0x00007ffef9ef8000 	C:\WINDOWS\System32\bcrypt.dll
0x00007ffefae60000 - 0x00007ffefaf77000 	C:\WINDOWS\System32\RPCRT4.dll
0x00007ffefa970000 - 0x00007ffefab1e000 	C:\WINDOWS\System32\USER32.dll
0x00007ffef9fa0000 - 0x00007ffef9fc6000 	C:\WINDOWS\System32\win32u.dll
0x00007ffee2380000 - 0x00007ffee2613000 	C:\WINDOWS\WinSxS\amd64_microsoft.windows.common-controls_6595b64144ccf1df_6.0.22621.2506_none_270c5ae97388e100\COMCTL32.dll
0x00007ffefb6c0000 - 0x00007ffefb6e9000 	C:\WINDOWS\System32\GDI32.dll
0x00007ffef9810000 - 0x00007ffef9928000 	C:\WINDOWS\System32\gdi32full.dll
0x00007ffef9f00000 - 0x00007ffef9f9a000 	C:\WINDOWS\System32\msvcp_win.dll
0x00007ffef2fb0000 - 0x00007ffef2fba000 	C:\WINDOWS\SYSTEM32\VERSION.dll
0x00007ffefc2e0000 - 0x00007ffefc311000 	C:\WINDOWS\System32\IMM32.DLL
0x00007ffee0d90000 - 0x00007ffee0d9c000 	C:\Program Files\Java\jdk-17\bin\vcruntime140_1.dll
0x00007ffea3660000 - 0x00007ffea36ee000 	C:\Program Files\Java\jdk-17\bin\msvcp140.dll
0x00007ffe76710000 - 0x00007ffe772ee000 	C:\Program Files\Java\jdk-17\bin\server\jvm.dll
0x00007ffefb100000 - 0x00007ffefb108000 	C:\WINDOWS\System32\PSAPI.DLL
0x00007ffede730000 - 0x00007ffede739000 	C:\WINDOWS\SYSTEM32\WSOCK32.dll
0x00007ffefb020000 - 0x00007ffefb091000 	C:\WINDOWS\System32\WS2_32.dll
0x00007ffef2ef0000 - 0x00007ffef2f24000 	C:\WINDOWS\SYSTEM32\WINMM.dll
0x00007ffef8940000 - 0x00007ffef8958000 	C:\WINDOWS\SYSTEM32\kernel.appcore.dll
0x00007ffee0d80000 - 0x00007ffee0d8a000 	C:\Program Files\Java\jdk-17\bin\jimage.dll
0x00007ffef7160000 - 0x00007ffef7393000 	C:\WINDOWS\SYSTEM32\DBGHELP.DLL
0x00007ffefb6f0000 - 0x00007ffefba79000 	C:\WINDOWS\System32\combase.dll
0x00007ffefa280000 - 0x00007ffefa357000 	C:\WINDOWS\System32\OLEAUT32.dll
0x00007ffedfd10000 - 0x00007ffedfd42000 	C:\WINDOWS\SYSTEM32\dbgcore.DLL
0x00007ffef9aa0000 - 0x00007ffef9b1a000 	C:\WINDOWS\System32\bcryptPrimitives.dll
0x00007ffef4d60000 - 0x00007ffef4d6e000 	C:\Program Files\Java\jdk-17\bin\instrument.dll
0x00007ffec77d0000 - 0x00007ffec77f5000 	C:\Program Files\Java\jdk-17\bin\java.dll

dbghelp: loaded successfully - version: 4.0.5 - missing functions: none
symbol engine: initialized successfully - sym options: 0x614 - pdb path: .;C:\Program Files\Java\jdk-17\bin;C:\WINDOWS\SYSTEM32;C:\WINDOWS\WinSxS\amd64_microsoft.windows.common-controls_6595b64144ccf1df_6.0.22621.2506_none_270c5ae97388e100;C:\Program Files\Java\jdk-17\bin\server

VM Arguments:
jvm_args: -XX:TieredStopAtLevel=1 -Dspring.output.ansi.enabled=always -Dcom.sun.management.jmxremote -Dspring.jmx.enabled=true -Dspring.liveBeansView.mbeanDomain -Dspring.application.admin.enabled=true -Dmanagement.endpoints.jmx.exposure.include=* -javaagent:C:\Program Files\JetBrains\IntelliJ IDEA 2023.2.2\lib\idea_rt.jar=55852:C:\Program Files\JetBrains\IntelliJ IDEA 2023.2.2\bin -Dfile.encoding=UTF-8 
java_command: com.example.pi_dev_4eme__poker_planning.PiDev4emePokerPlanningApplication
java_class_path (initial): C:\Users\trabe\OneDrive\Bureau\projet poker du planning\target\classes;C:\Users\trabe\.m2\repository\org\springframework\boot\spring-boot-starter-data-jpa\3.1.8\spring-boot-starter-data-jpa-3.1.8.jar;C:\Users\trabe\.m2\repository\org\springframework\boot\spring-boot-starter-aop\3.1.8\spring-boot-starter-aop-3.1.8.jar;C:\Users\trabe\.m2\repository\org\springframework\spring-aop\6.0.16\spring-aop-6.0.16.jar;C:\Users\trabe\.m2\repository\org\aspectj\aspectjweaver\1.9.21\aspectjweaver-1.9.21.jar;C:\Users\trabe\.m2\repository\org\springframework\boot\spring-boot-starter-jdbc\3.1.8\spring-boot-starter-jdbc-3.1.8.jar;C:\Users\trabe\.m2\repository\com\zaxxer\HikariCP\5.0.1\HikariCP-5.0.1.jar;C:\Users\trabe\.m2\repository\org\springframework\spring-jdbc\6.0.16\spring-jdbc-6.0.16.jar;C:\Users\trabe\.m2\repository\org\hibernate\orm\hibernate-core\6.2.20.Final\hibernate-core-6.2.20.Final.jar;C:\Users\trabe\.m2\repository\jakarta\persistence\jakarta.persistence-api\3.1.0\jakarta.persistence-api-3.1.0.jar;C:\Users\trabe\.m2\repository\jakarta\transaction\jakarta.transaction-api\2.0.1\jakarta.transaction-api-2.0.1.jar;C:\Users\trabe\.m2\repository\org\jboss\logging\jboss-logging\3.5.3.Final\jboss-logging-3.5.3.Final.jar;C:\Users\trabe\.m2\repository\org\hibernate\common\hibernate-commons-annotations\6.0.6.Final\hibernate-commons-annotations-6.0.6.Final.jar;C:\Users\trabe\.m2\repository\io\smallrye\jandex\3.0.5\jandex-3.0.5.jar;C:\Users\trabe\.m2\repository\com\fasterxml\classmate\1.5.1\classmate-1.5.1.jar;C:\Users\trabe\.m2\repository\net\bytebuddy\byte-buddy\1.14.11\byte-buddy-1.14.11.jar;C:\Users\trabe\.m2\repository\org\glassfish\jaxb\jaxb-runtime\4.0.4\jaxb-runtime-4.0.4.jar;C:\Users\trabe\.m2\repository\org\glassfish\jaxb\jaxb-core\4.0.4\jaxb-core-4.0.4.jar;C:\Users\trabe\.m2\repository\org\eclipse\angus\angus-activation\2.0.1\angus-activation-2.0.1.jar;C:\Users\trabe\.m2\repository\org\glassfish\jaxb\txw2\4.0.4\txw2-4.0.4.jar;C:\Users\trabe\.m2\r
Launcher Type: SUN_STANDARD

[Global flags]
     intx CICompilerCount                          = 4                                         {product} {ergonomic}
     uint ConcGCThreads                            = 2                                         {product} {ergonomic}
     uint G1ConcRefinementThreads                  = 8                                         {product} {ergonomic}
   size_t G1HeapRegionSize                         = 4194304                                   {product} {ergonomic}
    uintx GCDrainStackTargetSize                   = 64                                        {product} {ergonomic}
   size_t InitialHeapSize                          = 402653184                                 {product} {ergonomic}
     bool ManagementServer                         = true                                      {product} {command line}
   size_t MarkStackSize                            = 4194304                                   {product} {ergonomic}
   size_t MaxHeapSize                              = 6400507904                                {product} {ergonomic}
   size_t MinHeapDeltaBytes                        = 4194304                                   {product} {ergonomic}
   size_t MinHeapSize                              = 8388608                                   {product} {ergonomic}
    uintx NonProfiledCodeHeapSize                  = 0                                      {pd product} {ergonomic}
     bool ProfileInterpreter                       = false                                  {pd product} {command line}
    uintx ProfiledCodeHeapSize                     = 0                                      {pd product} {ergonomic}
   size_t SoftMaxHeapSize                          = 6400507904                             {manageable} {ergonomic}
     intx TieredStopAtLevel                        = 1                                         {product} {command line}
     bool UseCompressedClassPointers               = true                           {product lp64_product} {ergonomic}
     bool UseCompressedOops                        = true                           {product lp64_product} {ergonomic}
     bool UseG1GC                                  = true                                      {product} {ergonomic}
     bool UseLargePagesIndividualAllocation        = false                                  {pd product} {ergonomic}

Logging:
Log output configuration:
 #0: stdout all=warning uptime,level,tags
 #1: stderr all=off uptime,level,tags

Environment Variables:
PATH=C:\Program Files\Common Files\Oracle\Java\javapath;C:\oraclexe\app\oracle\product\11.2.0\server\bin;;C:\Windows\system32;C:\Windows;C:\Windows\System32\Wbem;C:\Windows\System32\WindowsPowerShell\v1.0\;C:\Windows\System32\OpenSSH\;C:\Program Files (x86)\NVIDIA Corporation\PhysX\Common;C:\Program Files\NVIDIA Corporation\NVIDIA NvDLISR;C:\Program Files\Java\jdk1.8.0_301\bin;C:\WINDOWS\system32;C:\WINDOWS;C:\WINDOWS\System32\Wbem;C:\WINDOWS\System32\WindowsPowerShell\v1.0\;C:\WINDOWS\System32\OpenSSH\;C:\xampp\mysql;C:\xampp\php;C:\Program Files\Git\cmd;C:\ProgramData\ComposerSetup\bin;C:\Program Files\Microsoft SQL Server\150\Tools\Binn\;C:\Program Files\Microsoft SQL Server\Client SDK\ODBC\170\Tools\Binn\;C:\Program Files\dotnet\;C:\Program Files (x86)\Microsoft SQL Server\110\DTS\Binn\;C:\Program Files (x86)\Microsoft SQL Server\110\Tools\Binn\;C:\Program Files (x86)\Microsoft SQL Server\110\Tools\Binn\ManagementStudio\;C:\Program Files (x86)\Microsoft Visual Studio 10.0\Common7\IDE\PrivateAssemblies\;C:\Program Files\nodejs\;C:\Users\trabe\scoop\shims;C:\Users\trabe\AppData\Local\Microsoft\WindowsApps;C:\Program Files\Java\jdk1.8.0_301\bin;C:\Users\trabe\AppData\Local\GitHubDesktop\bin;C:\xampp\php;C:\Users\trabe\AppData\Roaming\Composer\vendor\bin;C:\Users\trabe\.dotnet\tools;C:\Users\trabe\AppData\Local\Programs\Microsoft VS Code\bin;C:\Users\trabe\AppData\Roaming\npm
USERNAME=trabelsi
OS=Windows_NT
PROCESSOR_IDENTIFIER=Intel64 Family 6 Model 165 Stepping 2, GenuineIntel



---------------  S Y S T E M  ---------------

OS:
 Windows 11 , 64 bit Build 22621 (10.0.22621.3085)
OS uptime: 0 days 22:55 hours

CPU: total 8 (initial active 8) (4 cores per cpu, 2 threads per core) family 6 model 165 stepping 2 microcode 0xe0, cx8, cmov, fxsr, ht, mmx, 3dnowpref, sse, sse2, sse3, ssse3, sse4.1, sse4.2, popcnt, lzcnt, tsc, tscinvbit, avx, avx2, aes, erms, clmul, bmi1, bmi2, adx, fma, vzeroupper, clflush, clflushopt

Memory: 4k page, system-wide physical 24413M (467M free)
TotalPageFile size 82455M (AvailPageFile size 268M)
current process WorkingSet (physical memory assigned to process): 11M, peak: 11M
current process commit charge ("private bytes"): 55M, peak: 439M

vm_info: Java HotSpot(TM) 64-Bit Server VM (17.0.8+9-LTS-211) for windows-amd64 JRE (17.0.8+9-LTS-211), built on Jun 14 2023 10:34:31 by "mach5one" with MS VC++ 17.1 (VS2022)

END.
